top - 21:38:13 up 2 days, 22:58,  1 user,  load average: 3.45, 14.30, 17.32
Tasks: 1175 total,   1 running, 1174 sleeping,   0 stopped,   0 zombie
%Cpu(s):  0.2 us,  0.6 sy,  0.0 ni, 99.2 id,  0.0 wa,  0.0 hi,  0.0 si,  0.0 st
MiB Mem : 511582.2 total, 507940.4 free,   1417.2 used,   2224.5 buff/cache
MiB Swap:   8192.0 total,   8192.0 free,      0.0 used. 507362.2 avail Mem 

    PID USER      PR  NI    VIRT    RES    SHR S  %CPU  %MEM     TIME+ COMMAND
  53035 root      20   0   11376   5316   3424 R   5.9   0.0   0:00.02 top
  53040 root      20   0   11376   5004   3364 S   5.9   0.0   0:00.01 top
  53050 root      20   0   11376   5060   3424 S   5.9   0.0   0:00.01 top
  53055 root      20   0   11376   5008   3368 S   5.9   0.0   0:00.01 top
      1 root      20   0  165668  12120   7684 S   0.0   0.0   0:04.83 systemd
      2 root      20   0       0      0      0 S   0.0   0.0   0:00.04 kthreadd
      3 root       0 -20       0      0      0 I   0.0   0.0   0:00.00 rcu_gp
      4 root       0 -20       0      0      0 I   0.0   0.0   0:00.00 rcu_par+
      6 root       0 -20       0      0      0 I   0.0   0.0   0:00.00 kworker+
     10 root       0 -20       0      0      0 I   0.0   0.0   0:00.00 mm_perc+
     11 root      20   0       0      0      0 S   0.0   0.0   0:00.00 rcu_tas+
     12 root      20   0       0      0      0 S   0.0   0.0   0:00.00 rcu_tas+
     13 root      20   0       0      0      0 S   0.0   0.0   0:00.99 ksoftir+
     14 root      20   0       0      0      0 I   0.0   0.0   0:08.79 rcu_sch+
     15 root      rt   0       0      0      0 S   0.0   0.0   0:00.39 migrati+
     16 root     -51   0       0      0      0 S   0.0   0.0   0:00.00 idle_in+
     17 root      20   0       0      0      0 S   0.0   0.0   0:00.00 cpuhp/0
     18 root      20   0       0      0      0 S   0.0   0.0   0:00.00 cpuhp/1
     19 root     -51   0       0      0      0 S   0.0   0.0   0:00.00 idle_in+
     20 root      rt   0       0      0      0 S   0.0   0.0   0:03.14 migrati+
     21 root      20   0       0      0      0 S   0.0   0.0   0:00.06 ksoftir+
     23 root       0 -20       0      0      0 I   0.0   0.0   0:00.00 kworker+
     24 root      20   0       0      0      0 S   0.0   0.0   0:00.00 cpuhp/2
     25 root     -51   0       0      0      0 S   0.0   0.0   0:00.00 idle_in+
     26 root      rt   0       0      0      0 S   0.0   0.0   0:03.14 migrati+
     27 root      20   0       0      0      0 S   0.0   0.0   0:00.00 ksoftir+
     29 root       0 -20       0      0      0 I   0.0   0.0   0:00.00 kworker+
     30 root      20   0       0      0      0 S   0.0   0.0   0:00.00 cpuhp/3
     31 root     -51   0       0      0      0 S   0.0   0.0   0:00.00 idle_in+
     32 root      rt   0       0      0      0 S   0.0   0.0   0:03.14 migrati+
     33 root      20   0       0      0      0 S   0.0   0.0   0:00.00 ksoftir+
     35 root       0 -20       0      0      0 I   0.0   0.0   0:00.00 kworker+
     36 root      20   0       0      0      0 S   0.0   0.0   0:00.00 cpuhp/4
     37 root     -51   0       0      0      0 S   0.0   0.0   0:00.00 idle_in+
     38 root      rt   0       0      0      0 S   0.0   0.0   0:03.15 migrati+
     39 root      20   0       0      0      0 S   0.0   0.0   0:00.00 ksoftir+
     41 root       0 -20       0      0      0 I   0.0   0.0   0:00.00 kworker+
     42 root      20   0       0      0      0 S   0.0   0.0   0:00.00 cpuhp/5
     43 root     -51   0       0      0      0 S   0.0   0.0   0:00.00 idle_in+
     44 root      rt   0       0      0      0 S   0.0   0.0   0:03.15 migrati+
     45 root      20   0       0      0      0 S   0.0   0.0   0:00.00 ksoftir+
     47 root       0 -20       0      0      0 I   0.0   0.0   0:00.00 kworker+
     48 root      20   0       0      0      0 S   0.0   0.0   0:00.00 cpuhp/6
     49 root     -51   0       0      0      0 S   0.0   0.0   0:00.00 idle_in+
     50 root      rt   0       0      0      0 S   0.0   0.0   0:03.16 migrati+
     51 root      20   0       0      0      0 S   0.0   0.0   0:00.00 ksoftir+
     52 root      20   0       0      0      0 I   0.0   0.0   0:00.00 kworker+
     53 root       0 -20       0      0      0 I   0.0   0.0   0:00.00 kworker+
     54 root      20   0       0      0      0 S   0.0   0.0   0:00.00 cpuhp/7
     55 root     -51   0       0      0      0 S   0.0   0.0   0:00.00 idle_in+
     56 root      rt   0       0      0      0 S   0.0   0.0   0:03.16 migrati+
     57 root      20   0       0      0      0 S   0.0   0.0   0:00.00 ksoftir+
     58 root      20   0       0      0      0 I   0.0   0.0   0:00.00 kworker+
     59 root       0 -20       0      0      0 I   0.0   0.0   0:00.00 kworker+
     60 root      20   0       0      0      0 S   0.0   0.0   0:00.00 cpuhp/8
     61 root     -51   0       0      0      0 S   0.0   0.0   0:00.00 idle_in+
     62 root      rt   0       0      0      0 S   0.0   0.0   0:03.17 migrati+
     63 root      20   0       0      0      0 S   0.0   0.0   0:00.00 ksoftir+
     64 root      20   0       0      0      0 I   0.0   0.0   0:00.00 kworker+
     65 root       0 -20       0      0      0 I   0.0   0.0   0:00.00 kworker+
     66 root      20   0       0      0      0 S   0.0   0.0   0:00.00 cpuhp/9
     67 root     -51   0       0      0      0 S   0.0   0.0   0:00.00 idle_in+
     68 root      rt   0       0      0      0 S   0.0   0.0   0:03.17 migrati+
     69 root      20   0       0      0      0 S   0.0   0.0   0:00.00 ksoftir+
     70 root      20   0       0      0      0 I   0.0   0.0   0:00.00 kworker+
     71 root       0 -20       0      0      0 I   0.0   0.0   0:00.00 kworker+
     72 root      20   0       0      0      0 S   0.0   0.0   0:00.00 cpuhp/10
     73 root     -51   0       0      0      0 S   0.0   0.0   0:00.00 idle_in+
     74 root      rt   0       0      0      0 S   0.0   0.0   0:03.18 migrati+
     75 root      20   0       0      0      0 S   0.0   0.0   0:00.00 ksoftir+
     76 root      20   0       0      0      0 I   0.0   0.0   0:00.00 kworker+
     77 root       0 -20       0      0      0 I   0.0   0.0   0:00.00 kworker+
     78 root      20   0       0      0      0 S   0.0   0.0   0:00.00 cpuhp/11
     79 root     -51   0       0      0      0 S   0.0   0.0   0:00.00 idle_in+
     80 root      rt   0       0      0      0 S   0.0   0.0   0:03.18 migrati+
     81 root      20   0       0      0      0 S   0.0   0.0   0:00.00 ksoftir+
     82 root      20   0       0      0      0 I   0.0   0.0   0:00.00 kworker+
     83 root       0 -20       0      0      0 I   0.0   0.0   0:00.00 kworker+
     84 root      20   0       0      0      0 S   0.0   0.0   0:00.00 cpuhp/12
     85 root     -51   0       0      0      0 S   0.0   0.0   0:00.00 idle_in+
     86 root      rt   0       0      0      0 S   0.0   0.0   0:03.19 migrati+
     87 root      20   0       0      0      0 S   0.0   0.0   0:00.00 ksoftir+
     88 root      20   0       0      0      0 I   0.0   0.0   0:00.00 kworker+
     89 root       0 -20       0      0      0 I   0.0   0.0   0:00.00 kworker+
     90 root      20   0       0      0      0 S   0.0   0.0   0:00.00 cpuhp/13
     91 root     -51   0       0      0      0 S   0.0   0.0   0:00.00 idle_in+
     92 root      rt   0       0      0      0 S   0.0   0.0   0:03.19 migrati+
     93 root      20   0       0      0      0 S   0.0   0.0   0:00.04 ksoftir+
     94 root      20   0       0      0      0 I   0.0   0.0   0:00.00 kworker+
     95 root       0 -20       0      0      0 I   0.0   0.0   0:00.00 kworker+
     96 root      20   0       0      0      0 S   0.0   0.0   0:00.00 cpuhp/14
     97 root     -51   0       0      0      0 S   0.0   0.0   0:00.00 idle_in+
     98 root      rt   0       0      0      0 S   0.0   0.0   0:03.20 migrati+
     99 root      20   0       0      0      0 S   0.0   0.0   0:00.00 ksoftir+
    100 root      20   0       0      0      0 I   0.0   0.0   0:00.00 kworker+
    101 root       0 -20       0      0      0 I   0.0   0.0   0:00.00 kworker+
    102 root      20   0       0      0      0 S   0.0   0.0   0:00.00 cpuhp/15
    103 root     -51   0       0      0      0 S   0.0   0.0   0:00.00 idle_in+
    104 root      rt   0       0      0      0 S   0.0   0.0   0:03.21 migrati+
    105 root      20   0       0      0      0 S   0.0   0.0   0:00.02 ksoftir+
    106 root      20   0       0      0      0 I   0.0   0.0   0:00.00 kworker+
    107 root       0 -20       0      0      0 I   0.0   0.0   0:00.00 kworker+
    108 root      20   0       0      0      0 S   0.0   0.0   0:00.00 cpuhp/16
    109 root     -51   0       0      0      0 S   0.0   0.0   0:00.00 idle_in+
    110 root      rt   0       0      0      0 S   0.0   0.0   0:03.21 migrati+
    111 root      20   0       0      0      0 S   0.0   0.0   0:00.01 ksoftir+
    112 root      20   0       0      0      0 I   0.0   0.0   0:00.00 kworker+
    113 root       0 -20       0      0      0 I   0.0   0.0   0:00.00 kworker+
    114 root      20   0       0      0      0 S   0.0   0.0   0:00.00 cpuhp/17
    115 root     -51   0       0      0      0 S   0.0   0.0   0:00.00 idle_in+
    116 root      rt   0       0      0      0 S   0.0   0.0   0:03.22 migrati+
    117 root      20   0       0      0      0 S   0.0   0.0   0:00.00 ksoftir+
    118 root      20   0       0      0      0 I   0.0   0.0   0:00.00 kworker+
    119 root       0 -20       0      0      0 I   0.0   0.0   0:00.00 kworker+
    120 root      20   0       0      0      0 S   0.0   0.0   0:00.00 cpuhp/18
    121 root     -51   0       0      0      0 S   0.0   0.0   0:00.00 idle_in+
    122 root      rt   0       0      0      0 S   0.0   0.0   0:03.23 migrati+
    123 root      20   0       0      0      0 S   0.0   0.0   0:00.00 ksoftir+
    125 root       0 -20       0      0      0 I   0.0   0.0   0:00.00 kworker+
    126 root      20   0       0      0      0 S   0.0   0.0   0:00.00 cpuhp/19
    127 root     -51   0       0      0      0 S   0.0   0.0   0:00.00 idle_in+
    128 root      rt   0       0      0      0 S   0.0   0.0   0:03.23 migrati+
    129 root      20   0       0      0      0 S   0.0   0.0   0:00.00 ksoftir+
    130 root      20   0       0      0      0 I   0.0   0.0   0:00.00 kworker+
    131 root       0 -20       0      0      0 I   0.0   0.0   0:00.00 kworker+
    132 root      20   0       0      0      0 S   0.0   0.0   0:00.00 cpuhp/20
    133 root     -51   0       0      0      0 S   0.0   0.0   0:00.00 idle_in+
    134 root      rt   0       0      0      0 S   0.0   0.0   0:03.24 migrati+
    135 root      20   0       0      0      0 S   0.0   0.0   0:00.00 ksoftir+
    136 root      20   0       0      0      0 I   0.0   0.0   0:00.00 kworker+
    137 root       0 -20       0      0      0 I   0.0   0.0   0:00.00 kworker+
    138 root      20   0       0      0      0 S   0.0   0.0   0:00.00 cpuhp/21
    139 root     -51   0       0      0      0 S   0.0   0.0   0:00.00 idle_in+
    140 root      rt   0       0      0      0 S   0.0   0.0   0:03.24 migrati+
    141 root      20   0       0      0      0 S   0.0   0.0   0:00.00 ksoftir+
    143 root       0 -20       0      0      0 I   0.0   0.0   0:00.00 kworker+
    144 root      20   0       0      0      0 S   0.0   0.0   0:00.00 cpuhp/22
    145 root     -51   0       0      0      0 S   0.0   0.0   0:00.00 idle_in+
    146 root      rt   0       0      0      0 S   0.0   0.0   0:03.25 migrati+
    147 root      20   0       0      0      0 S   0.0   0.0   0:00.00 ksoftir+
    148 root      20   0       0      0      0 I   0.0   0.0   0:00.00 kworker+
    149 root       0 -20       0      0      0 I   0.0   0.0   0:00.00 kworker+
    150 root      20   0       0      0      0 S   0.0   0.0   0:00.00 cpuhp/23
    151 root     -51   0       0      0      0 S   0.0   0.0   0:00.00 idle_in+
    152 root      rt   0       0      0      0 S   0.0   0.0   0:03.25 migrati+
    153 root      20   0       0      0      0 S   0.0   0.0   0:00.00 ksoftir+
    155 root       0 -20       0      0      0 I   0.0   0.0   0:00.00 kworker+
    156 root      20   0       0      0      0 S   0.0   0.0   0:00.00 cpuhp/24
    157 root     -51   0       0      0      0 S   0.0   0.0   0:00.00 idle_in+
    158 root      rt   0       0      0      0 S   0.0   0.0   0:03.26 migrati+
    159 root      20   0       0      0      0 S   0.0   0.0   0:00.00 ksoftir+
    160 root      20   0       0      0      0 I   0.0   0.0   0:00.00 kworker+
    161 root       0 -20       0      0      0 I   0.0   0.0   0:00.00 kworker+
    162 root      20   0       0      0      0 S   0.0   0.0   0:00.00 cpuhp/25
    163 root     -51   0       0      0      0 S   0.0   0.0   0:00.00 idle_in+
    164 root      rt   0       0      0      0 S   0.0   0.0   0:03.27 migrati+
    165 root      20   0       0      0      0 S   0.0   0.0   0:00.00 ksoftir+
    166 root      20   0       0      0      0 I   0.0   0.0   0:00.00 kworker+
    167 root       0 -20       0      0      0 I   0.0   0.0   0:00.00 kworker+
    168 root      20   0       0      0      0 S   0.0   0.0   0:00.00 cpuhp/26
    169 root     -51   0       0      0      0 S   0.0   0.0   0:00.00 idle_in+
    170 root      rt   0       0      0      0 S   0.0   0.0   0:03.27 migrati+
    171 root      20   0       0      0      0 S   0.0   0.0   0:00.00 ksoftir+
    172 root      20   0       0      0      0 I   0.0   0.0   0:00.00 kworker+
    173 root       0 -20       0      0      0 I   0.0   0.0   0:00.00 kworker+
    174 root      20   0       0      0      0 S   0.0   0.0   0:00.00 cpuhp/27
    175 root     -51   0       0      0      0 S   0.0   0.0   0:00.00 idle_in+
    176 root      rt   0       0      0      0 S   0.0   0.0   0:03.28 migrati+
    177 root      20   0       0      0      0 S   0.0   0.0   0:00.00 ksoftir+
    178 root      20   0       0      0      0 I   0.0   0.0   0:00.00 kworker+
    179 root       0 -20       0      0      0 I   0.0   0.0   0:00.00 kworker+
    180 root      20   0       0      0      0 S   0.0   0.0   0:00.00 cpuhp/28
    181 root     -51   0       0      0      0 S   0.0   0.0   0:00.00 idle_in+
    182 root      rt   0       0      0      0 S   0.0   0.0   0:03.29 migrati+
    183 root      20   0       0      0      0 S   0.0   0.0   0:00.00 ksoftir+
    185 root       0 -20       0      0      0 I   0.0   0.0   0:00.00 kworker+
    186 root      20   0       0      0      0 S   0.0   0.0   0:00.00 cpuhp/29
    187 root     -51   0       0      0      0 S   0.0   0.0   0:00.00 idle_in+
    188 root      rt   0       0      0      0 S   0.0   0.0   0:03.30 migrati+
    189 root      20   0       0      0      0 S   0.0   0.0   0:00.00 ksoftir+
    190 root      20   0       0      0      0 I   0.0   0.0   0:00.03 kworker+
    191 root       0 -20       0      0      0 I   0.0   0.0   0:00.00 kworker+
    192 root      20   0       0      0      0 S   0.0   0.0   0:00.00 cpuhp/30
    193 root     -51   0       0      0      0 S   0.0   0.0   0:00.00 idle_in+
    194 root      rt   0       0      0      0 S   0.0   0.0   0:03.34 migrati+
    195 root      20   0       0      0      0 S   0.0   0.0   0:00.01 ksoftir+
    196 root      20   0       0      0      0 I   0.0   0.0   0:00.00 kworker+
    197 root       0 -20       0      0      0 I   0.0   0.0   0:00.00 kworker+
    198 root      20   0       0      0      0 S   0.0   0.0   0:00.00 cpuhp/31
    199 root     -51   0       0      0      0 S   0.0   0.0   0:00.00 idle_in+
    200 root      rt   0       0      0      0 S   0.0   0.0   0:03.31 migrati+
    201 root      20   0       0      0      0 S   0.0   0.0   0:00.00 ksoftir+
    202 root      20   0       0      0      0 I   0.0   0.0   0:00.00 kworker+
    203 root       0 -20       0      0      0 I   0.0   0.0   0:00.00 kworker+
    204 root      20   0       0      0      0 S   0.0   0.0   0:00.00 cpuhp/32
    205 root     -51   0       0      0      0 S   0.0   0.0   0:00.00 idle_in+
    206 root      rt   0       0      0      0 S   0.0   0.0   0:03.43 migrati+
    207 root      20   0       0      0      0 S   0.0   0.0   0:00.18 ksoftir+
    208 root      20   0       0      0      0 I   0.0   0.0   0:01.22 kworker+
    209 root       0 -20       0      0      0 I   0.0   0.0   0:00.00 kworker+
    211 root      20   0       0      0      0 S   0.0   0.0   0:00.00 cpuhp/33
    212 root     -51   0       0      0      0 S   0.0   0.0   0:00.00 idle_in+
    213 root      rt   0       0      0      0 S   0.0   0.0   0:03.43 migrati+
    214 root      20   0       0      0      0 S   0.0   0.0   0:00.03 ksoftir+
    215 root      20   0       0      0      0 I   0.0   0.0   0:00.00 kworker+
    216 root       0 -20       0      0      0 I   0.0   0.0   0:00.00 kworker+
    217 root      20   0       0      0      0 S   0.0   0.0   0:00.00 cpuhp/34
    218 root     -51   0       0      0      0 S   0.0   0.0   0:00.00 idle_in+
    219 root      rt   0       0      0      0 S   0.0   0.0   0:03.42 migrati+
    220 root      20   0       0      0      0 S   0.0   0.0   0:00.00 ksoftir+
    222 root       0 -20       0      0      0 I   0.0   0.0   0:00.00 kworker+
    223 root      20   0       0      0      0 S   0.0   0.0   0:00.00 cpuhp/35
    224 root     -51   0       0      0      0 S   0.0   0.0   0:00.00 idle_in+
    225 root      rt   0       0      0      0 S   0.0   0.0   0:03.30 migrati+
    226 root      20   0       0      0      0 S   0.0   0.0   0:00.04 ksoftir+
    228 root       0 -20       0      0      0 I   0.0   0.0   0:00.00 kworker+
    229 root      20   0       0      0      0 S   0.0   0.0   0:00.00 cpuhp/36
    230 root     -51   0       0      0      0 S   0.0   0.0   0:00.00 idle_in+
    231 root      rt   0       0      0      0 S   0.0   0.0   0:03.29 migrati+
    232 root      20   0       0      0      0 S   0.0   0.0   0:00.00 ksoftir+
    234 root       0 -20       0      0      0 I   0.0   0.0   0:00.00 kworker+
    235 root      20   0       0      0      0 S   0.0   0.0   0:00.00 cpuhp/37
    236 root     -51   0       0      0      0 S   0.0   0.0   0:00.00 idle_in+
    237 root      rt   0       0      0      0 S   0.0   0.0   0:03.44 migrati+
    238 root      20   0       0      0      0 S   0.0   0.0   0:00.03 ksoftir+
    239 root      20   0       0      0      0 I   0.0   0.0   0:00.00 kworker+
    240 root       0 -20       0      0      0 I   0.0   0.0   0:00.00 kworker+
    241 root      20   0       0      0      0 S   0.0   0.0   0:00.00 cpuhp/38
    242 root     -51   0       0      0      0 S   0.0   0.0   0:00.00 idle_in+
    243 root      rt   0       0      0      0 S   0.0   0.0   0:03.44 migrati+
    244 root      20   0       0      0      0 S   0.0   0.0   0:00.00 ksoftir+
    245 root      20   0       0      0      0 I   0.0   0.0   0:00.00 kworker+
    246 root       0 -20       0      0      0 I   0.0   0.0   0:00.00 kworker+
    247 root      20   0       0      0      0 S   0.0   0.0   0:00.00 cpuhp/39
    248 root     -51   0       0      0      0 S   0.0   0.0   0:00.00 idle_in+
    249 root      rt   0       0      0      0 S   0.0   0.0   0:03.44 migrati+
    250 root      20   0       0      0      0 S   0.0   0.0   0:00.00 ksoftir+
    251 root      20   0       0      0      0 I   0.0   0.0   0:00.00 kworker+
    252 root       0 -20       0      0      0 I   0.0   0.0   0:00.00 kworker+
    253 root      20   0       0      0      0 S   0.0   0.0   0:00.00 cpuhp/40
    254 root     -51   0       0      0      0 S   0.0   0.0   0:00.00 idle_in+
    255 root      rt   0       0      0      0 S   0.0   0.0   0:03.45 migrati+
    256 root      20   0       0      0      0 S   0.0   0.0   0:00.06 ksoftir+
    258 root       0 -20       0      0      0 I   0.0   0.0   0:00.00 kworker+
    259 root      20   0       0      0      0 S   0.0   0.0   0:00.00 cpuhp/41
    260 root     -51   0       0      0      0 S   0.0   0.0   0:00.00 idle_in+
    261 root      rt   0       0      0      0 S   0.0   0.0   0:03.45 migrati+
    262 root      20   0       0      0      0 S   0.0   0.0   0:00.00 ksoftir+
    263 root      20   0       0      0      0 I   0.0   0.0   0:00.00 kworker+
    264 root       0 -20       0      0      0 I   0.0   0.0   0:00.00 kworker+
    265 root      20   0       0      0      0 S   0.0   0.0   0:00.00 cpuhp/42
    266 root     -51   0       0      0      0 S   0.0   0.0   0:00.00 idle_in+
    267 root      rt   0       0      0      0 S   0.0   0.0   0:03.46 migrati+
    268 root      20   0       0      0      0 S   0.0   0.0   0:00.07 ksoftir+
    270 root       0 -20       0      0      0 I   0.0   0.0   0:00.00 kworker+
    271 root      20   0       0      0      0 S   0.0   0.0   0:00.00 cpuhp/43
    272 root     -51   0       0      0      0 S   0.0   0.0   0:00.00 idle_in+
    273 root      rt   0       0      0      0 S   0.0   0.0   0:03.47 migrati+
    274 root      20   0       0      0      0 S   0.0   0.0   0:00.00 ksoftir+
    276 root       0 -20       0      0      0 I   0.0   0.0   0:00.00 kworker+
    277 root      20   0       0      0      0 S   0.0   0.0   0:00.00 cpuhp/44
    278 root     -51   0       0      0      0 S   0.0   0.0   0:00.00 idle_in+
    279 root      rt   0       0      0      0 S   0.0   0.0   0:03.47 migrati+
    280 root      20   0       0      0      0 S   0.0   0.0   0:00.00 ksoftir+
    282 root       0 -20       0      0      0 I   0.0   0.0   0:00.00 kworker+
    283 root      20   0       0      0      0 S   0.0   0.0   0:00.00 cpuhp/45
    284 root     -51   0       0      0      0 S   0.0   0.0   0:00.00 idle_in+
    285 root      rt   0       0      0      0 S   0.0   0.0   0:03.48 migrati+
    286 root      20   0       0      0      0 S   0.0   0.0   0:00.00 ksoftir+
    287 root      20   0       0      0      0 I   0.0   0.0   0:00.00 kworker+
    288 root       0 -20       0      0      0 I   0.0   0.0   0:00.00 kworker+
    289 root      20   0       0      0      0 S   0.0   0.0   0:00.00 cpuhp/46
    290 root     -51   0       0      0      0 S   0.0   0.0   0:00.00 idle_in+
    291 root      rt   0       0      0      0 S   0.0   0.0   0:03.48 migrati+
    292 root      20   0       0      0      0 S   0.0   0.0   0:00.02 ksoftir+
    294 root       0 -20       0      0      0 I   0.0   0.0   0:00.00 kworker+
    295 root      20   0       0      0      0 S   0.0   0.0   0:00.00 cpuhp/47
    296 root     -51   0       0      0      0 S   0.0   0.0   0:00.00 idle_in+
    297 root      rt   0       0      0      0 S   0.0   0.0   0:03.49 migrati+
    298 root      20   0       0      0      0 S   0.0   0.0   0:00.01 ksoftir+
    300 root       0 -20       0      0      0 I   0.0   0.0   0:00.00 kworker+
    301 root      20   0       0      0      0 S   0.0   0.0   0:00.00 cpuhp/48
    302 root     -51   0       0      0      0 S   0.0   0.0   0:00.00 idle_in+
    303 root      rt   0       0      0      0 S   0.0   0.0   0:03.50 migrati+
    304 root      20   0       0      0      0 S   0.0   0.0   0:00.01 ksoftir+
    305 root      20   0       0      0      0 I   0.0   0.0   0:00.00 kworker+
    306 root       0 -20       0      0      0 I   0.0   0.0   0:00.00 kworker+
    307 root      20   0       0      0      0 S   0.0   0.0   0:00.00 cpuhp/49
    308 root     -51   0       0      0      0 S   0.0   0.0   0:00.00 idle_in+
    309 root      rt   0       0      0      0 S   0.0   0.0   0:03.50 migrati+
    310 root      20   0       0      0      0 S   0.0   0.0   0:00.00 ksoftir+
    311 root      20   0       0      0      0 I   0.0   0.0   0:00.00 kworker+
    312 root       0 -20       0      0      0 I   0.0   0.0   0:00.00 kworker+
    313 root      20   0       0      0      0 S   0.0   0.0   0:00.00 cpuhp/50
    314 root     -51   0       0      0      0 S   0.0   0.0   0:00.00 idle_in+
    315 root      rt   0       0      0      0 S   0.0   0.0   0:03.51 migrati+
    316 root      20   0       0      0      0 S   0.0   0.0   0:00.00 ksoftir+
    317 root      20   0       0      0      0 I   0.0   0.0   0:00.00 kworker+
    318 root       0 -20       0      0      0 I   0.0   0.0   0:00.00 kworker+
    319 root      20   0       0      0      0 S   0.0   0.0   0:00.00 cpuhp/51
    320 root     -51   0       0      0      0 S   0.0   0.0   0:00.00 idle_in+
    321 root      rt   0       0      0      0 S   0.0   0.0   0:03.52 migrati+
    322 root      20   0       0      0      0 S   0.0   0.0   0:00.01 ksoftir+
    323 root      20   0       0      0      0 I   0.0   0.0   0:00.00 kworker+
    324 root       0 -20       0      0      0 I   0.0   0.0   0:00.00 kworker+
    325 root      20   0       0      0      0 S   0.0   0.0   0:00.00 cpuhp/52
    326 root     -51   0       0      0      0 S   0.0   0.0   0:00.00 idle_in+
    327 root      rt   0       0      0      0 S   0.0   0.0   0:03.52 migrati+
    328 root      20   0       0      0      0 S   0.0   0.0   0:00.00 ksoftir+
    329 root      20   0       0      0      0 I   0.0   0.0   0:00.00 kworker+
    330 root       0 -20       0      0      0 I   0.0   0.0   0:00.00 kworker+
    331 root      20   0       0      0      0 S   0.0   0.0   0:00.00 cpuhp/53
    332 root     -51   0       0      0      0 S   0.0   0.0   0:00.00 idle_in+
    333 root      rt   0       0      0      0 S   0.0   0.0   0:03.54 migrati+
    334 root      20   0       0      0      0 S   0.0   0.0   0:00.00 ksoftir+
    335 root      20   0       0      0      0 I   0.0   0.0   0:00.00 kworker+
    336 root       0 -20       0      0      0 I   0.0   0.0   0:00.00 kworker+
    337 root      20   0       0      0      0 S   0.0   0.0   0:00.00 cpuhp/54
    338 root     -51   0       0      0      0 S   0.0   0.0   0:00.00 idle_in+
    339 root      rt   0       0      0      0 S   0.0   0.0   0:03.58 migrati+
    340 root      20   0       0      0      0 S   0.0   0.0   0:00.00 ksoftir+
    342 root       0 -20       0      0      0 I   0.0   0.0   0:00.00 kworker+
    343 root      20   0       0      0      0 S   0.0   0.0   0:00.00 cpuhp/55
    344 root     -51   0       0      0      0 S   0.0   0.0   0:00.00 idle_in+
    345 root      rt   0       0      0      0 S   0.0   0.0   0:03.54 migrati+
    346 root      20   0       0      0      0 S   0.0   0.0   0:00.00 ksoftir+
    347 root      20   0       0      0      0 I   0.0   0.0   0:00.00 kworker+
    348 root       0 -20       0      0      0 I   0.0   0.0   0:00.00 kworker+
    349 root      20   0       0      0      0 S   0.0   0.0   0:00.00 cpuhp/56
    350 root     -51   0       0      0      0 S   0.0   0.0   0:00.00 idle_in+
    351 root      rt   0       0      0      0 S   0.0   0.0   0:03.55 migrati+
    352 root      20   0       0      0      0 S   0.0   0.0   0:00.00 ksoftir+
    354 root       0 -20       0      0      0 I   0.0   0.0   0:00.00 kworker+
    355 root      20   0       0      0      0 S   0.0   0.0   0:00.00 cpuhp/57
    356 root     -51   0       0      0      0 S   0.0   0.0   0:00.00 idle_in+
    357 root      rt   0       0      0      0 S   0.0   0.0   0:03.55 migrati+
    358 root      20   0       0      0      0 S   0.0   0.0   0:00.00 ksoftir+
    360 root       0 -20       0      0      0 I   0.0   0.0   0:00.00 kworker+
    361 root      20   0       0      0      0 S   0.0   0.0   0:00.00 cpuhp/58
    362 root     -51   0       0      0      0 S   0.0   0.0   0:00.00 idle_in+
    363 root      rt   0       0      0      0 S   0.0   0.0   0:03.56 migrati+
    364 root      20   0       0      0      0 S   0.0   0.0   0:00.01 ksoftir+
    366 root       0 -20       0      0      0 I   0.0   0.0   0:00.00 kworker+
    367 root      20   0       0      0      0 S   0.0   0.0   0:00.00 cpuhp/59
    368 root     -51   0       0      0      0 S   0.0   0.0   0:00.00 idle_in+
    369 root      rt   0       0      0      0 S   0.0   0.0   0:03.56 migrati+
    370 root      20   0       0      0      0 S   0.0   0.0   0:00.02 ksoftir+
    372 root       0 -20       0      0      0 I   0.0   0.0   0:00.00 kworker+
    373 root      20   0       0      0      0 S   0.0   0.0   0:00.00 cpuhp/60
    374 root     -51   0       0      0      0 S   0.0   0.0   0:00.00 idle_in+
    375 root      rt   0       0      0      0 S   0.0   0.0   0:03.59 migrati+
    376 root      20   0       0      0      0 S   0.0   0.0   0:00.03 ksoftir+
    378 root       0 -20       0      0      0 I   0.0   0.0   0:00.00 kworker+
    379 root      20   0       0      0      0 S   0.0   0.0   0:00.00 cpuhp/61
    380 root     -51   0       0      0      0 S   0.0   0.0   0:00.00 idle_in+
    381 root      rt   0       0      0      0 S   0.0   0.0   0:03.57 migrati+
    382 root      20   0       0      0      0 S   0.0   0.0   0:00.00 ksoftir+
    384 root       0 -20       0      0      0 I   0.0   0.0   0:00.00 kworker+
    385 root      20   0       0      0      0 S   0.0   0.0   0:00.00 cpuhp/62
    386 root     -51   0       0      0      0 S   0.0   0.0   0:00.00 idle_in+
    387 root      rt   0       0      0      0 S   0.0   0.0   0:03.59 migrati+
    388 root      20   0       0      0      0 S   0.0   0.0   0:00.00 ksoftir+
    390 root       0 -20       0      0      0 I   0.0   0.0   0:00.00 kworker+
    391 root      20   0       0      0      0 S   0.0   0.0   0:00.00 cpuhp/63
    392 root     -51   0       0      0      0 S   0.0   0.0   0:00.00 idle_in+
    393 root      rt   0       0      0      0 S   0.0   0.0   0:03.60 migrati+
    394 root      20   0       0      0      0 S   0.0   0.0   0:00.02 ksoftir+
    396 root       0 -20       0      0      0 I   0.0   0.0   0:00.00 kworker+
    397 root      20   0       0      0      0 S   0.0   0.0   0:00.00 cpuhp/64
    398 root     -51   0       0      0      0 S   0.0   0.0   0:00.00 idle_in+
    399 root      rt   0       0      0      0 S   0.0   0.0   0:03.69 migrati+
    400 root      20   0       0      0      0 S   0.0   0.0   0:00.01 ksoftir+
    402 root       0 -20       0      0      0 I   0.0   0.0   0:00.00 kworker+
    403 root      20   0       0      0      0 S   0.0   0.0   0:00.00 cpuhp/65
    404 root     -51   0       0      0      0 S   0.0   0.0   0:00.00 idle_in+
    405 root      rt   0       0      0      0 S   0.0   0.0   0:03.60 migrati+
    406 root      20   0       0      0      0 S   0.0   0.0   0:00.08 ksoftir+
    408 root       0 -20       0      0      0 I   0.0   0.0   0:00.00 kworker+
    409 root      20   0       0      0      0 S   0.0   0.0   0:00.00 cpuhp/66
    410 root     -51   0       0      0      0 S   0.0   0.0   0:00.00 idle_in+
    411 root      rt   0       0      0      0 S   0.0   0.0   0:03.61 migrati+
    412 root      20   0       0      0      0 S   0.0   0.0   0:00.00 ksoftir+
    414 root       0 -20       0      0      0 I   0.0   0.0   0:00.00 kworker+
    415 root      20   0       0      0      0 S   0.0   0.0   0:00.00 cpuhp/67
    416 root     -51   0       0      0      0 S   0.0   0.0   0:00.00 idle_in+
    417 root      rt   0       0      0      0 S   0.0   0.0   0:03.61 migrati+
    418 root      20   0       0      0      0 S   0.0   0.0   0:00.00 ksoftir+
    419 root      20   0       0      0      0 I   0.0   0.0   0:00.00 kworker+
    420 root       0 -20       0      0      0 I   0.0   0.0   0:00.00 kworker+
    421 root      20   0       0      0      0 S   0.0   0.0   0:00.00 cpuhp/68
    422 root     -51   0       0      0      0 S   0.0   0.0   0:00.00 idle_in+
    423 root      rt   0       0      0      0 S   0.0   0.0   0:03.62 migrati+
    424 root      20   0       0      0      0 S   0.0   0.0   0:00.00 ksoftir+
    426 root       0 -20       0      0      0 I   0.0   0.0   0:00.00 kworker+
    427 root      20   0       0      0      0 S   0.0   0.0   0:00.00 cpuhp/69
    428 root     -51   0       0      0      0 S   0.0   0.0   0:00.00 idle_in+
    429 root      rt   0       0      0      0 S   0.0   0.0   0:03.62 migrati+
    430 root      20   0       0      0      0 S   0.0   0.0   0:00.00 ksoftir+
    432 root       0 -20       0      0      0 I   0.0   0.0   0:00.00 kworker+
    433 root      20   0       0      0      0 S   0.0   0.0   0:00.00 cpuhp/70
    434 root     -51   0       0      0      0 S   0.0   0.0   0:00.00 idle_in+
    435 root      rt   0       0      0      0 S   0.0   0.0   0:03.63 migrati+
    436 root      20   0       0      0      0 S   0.0   0.0   0:00.00 ksoftir+
    438 root       0 -20       0      0      0 I   0.0   0.0   0:00.00 kworker+
    439 root      20   0       0      0      0 S   0.0   0.0   0:00.00 cpuhp/71
    440 root     -51   0       0      0      0 S   0.0   0.0   0:00.00 idle_in+
    441 root      rt   0       0      0      0 S   0.0   0.0   0:03.63 migrati+
    442 root      20   0       0      0      0 S   0.0   0.0   0:00.00 ksoftir+
    443 root      20   0       0      0      0 I   0.0   0.0   0:00.00 kworker+
    444 root       0 -20       0      0      0 I   0.0   0.0   0:00.00 kworker+
    445 root      20   0       0      0      0 S   0.0   0.0   0:00.00 cpuhp/72
    446 root     -51   0       0      0      0 S   0.0   0.0   0:00.00 idle_in+
    447 root      rt   0       0      0      0 S   0.0   0.0   0:03.64 migrati+
    448 root      20   0       0      0      0 S   0.0   0.0   0:00.00 ksoftir+
    450 root       0 -20       0      0      0 I   0.0   0.0   0:00.00 kworker+
    451 root      20   0       0      0      0 S   0.0   0.0   0:00.00 cpuhp/73
    452 root     -51   0       0      0      0 S   0.0   0.0   0:00.00 idle_in+
    453 root      rt   0       0      0      0 S   0.0   0.0   0:03.65 migrati+
    454 root      20   0       0      0      0 S   0.0   0.0   0:00.00 ksoftir+
    455 root      20   0       0      0      0 I   0.0   0.0   0:00.00 kworker+
    456 root       0 -20       0      0      0 I   0.0   0.0   0:00.00 kworker+
    457 root      20   0       0      0      0 S   0.0   0.0   0:00.00 cpuhp/74
    458 root     -51   0       0      0      0 S   0.0   0.0   0:00.00 idle_in+
    459 root      rt   0       0      0      0 S   0.0   0.0   0:03.65 migrati+
    460 root      20   0       0      0      0 S   0.0   0.0   0:00.00 ksoftir+
    462 root       0 -20       0      0      0 I   0.0   0.0   0:00.00 kworker+
    463 root      20   0       0      0      0 S   0.0   0.0   0:00.00 cpuhp/75
    464 root     -51   0       0      0      0 S   0.0   0.0   0:00.00 idle_in+
    465 root      rt   0       0      0      0 S   0.0   0.0   0:03.65 migrati+
    466 root      20   0       0      0      0 S   0.0   0.0   0:00.00 ksoftir+
    467 root      20   0       0      0      0 I   0.0   0.0   0:00.00 kworker+
    468 root       0 -20       0      0      0 I   0.0   0.0   0:00.00 kworker+
    469 root      20   0       0      0      0 S   0.0   0.0   0:00.00 cpuhp/76
    470 root     -51   0       0      0      0 S   0.0   0.0   0:00.00 idle_in+
    471 root      rt   0       0      0      0 S   0.0   0.0   0:03.66 migrati+
    472 root      20   0       0      0      0 S   0.0   0.0   0:00.00 ksoftir+
    473 root      20   0       0      0      0 I   0.0   0.0   0:00.00 kworker+
    474 root       0 -20       0      0      0 I   0.0   0.0   0:00.00 kworker+
    475 root      20   0       0      0      0 S   0.0   0.0   0:00.00 cpuhp/77
    476 root     -51   0       0      0      0 S   0.0   0.0   0:00.00 idle_in+
    477 root      rt   0       0      0      0 S   0.0   0.0   0:03.67 migrati+
    478 root      20   0       0      0      0 S   0.0   0.0   0:00.00 ksoftir+
    480 root       0 -20       0      0      0 I   0.0   0.0   0:00.00 kworker+
    481 root      20   0       0      0      0 S   0.0   0.0   0:00.00 cpuhp/78
    482 root     -51   0       0      0      0 S   0.0   0.0   0:00.00 idle_in+
    483 root      rt   0       0      0      0 S   0.0   0.0   0:03.68 migrati+
    484 root      20   0       0      0      0 S   0.0   0.0   0:00.00 ksoftir+
    485 root      20   0       0      0      0 I   0.0   0.0   0:00.00 kworker+
    486 root       0 -20       0      0      0 I   0.0   0.0   0:00.00 kworker+
    487 root      20   0       0      0      0 S   0.0   0.0   0:00.00 cpuhp/79
    488 root     -51   0       0      0      0 S   0.0   0.0   0:00.00 idle_in+
    489 root      rt   0       0      0      0 S   0.0   0.0   0:03.69 migrati+
    490 root      20   0       0      0      0 S   0.0   0.0   0:00.03 ksoftir+
    491 root      20   0       0      0      0 I   0.0   0.0   0:00.00 kworker+
    492 root       0 -20       0      0      0 I   0.0   0.0   0:00.00 kworker+
    493 root      20   0       0      0      0 S   0.0   0.0   0:00.00 cpuhp/80
    494 root     -51   0       0      0      0 S   0.0   0.0   0:00.00 idle_in+
    495 root      rt   0       0      0      0 S   0.0   0.0   0:03.69 migrati+
    496 root      20   0       0      0      0 S   0.0   0.0   0:00.00 ksoftir+
    497 root      20   0       0      0      0 I   0.0   0.0   0:00.00 kworker+
    498 root       0 -20       0      0      0 I   0.0   0.0   0:00.00 kworker+
    499 root      20   0       0      0      0 S   0.0   0.0   0:00.00 cpuhp/81
    500 root     -51   0       0      0      0 S   0.0   0.0   0:00.00 idle_in+
    501 root      rt   0       0      0      0 S   0.0   0.0   0:03.70 migrati+
    502 root      20   0       0      0      0 S   0.0   0.0   0:00.05 ksoftir+
    503 root      20   0       0      0      0 I   0.0   0.0   0:00.00 kworker+
    504 root       0 -20       0      0      0 I   0.0   0.0   0:00.00 kworker+
    505 root      20   0       0      0      0 S   0.0   0.0   0:00.00 cpuhp/82
    506 root     -51   0       0      0      0 S   0.0   0.0   0:00.00 idle_in+
    507 root      rt   0       0      0      0 S   0.0   0.0   0:03.70 migrati+
    508 root      20   0       0      0      0 S   0.0   0.0   0:00.00 ksoftir+
    509 root      20   0       0      0      0 I   0.0   0.0   0:00.00 kworker+
    510 root       0 -20       0      0      0 I   0.0   0.0   0:00.00 kworker+
    511 root      20   0       0      0      0 S   0.0   0.0   0:00.00 cpuhp/83
    512 root     -51   0       0      0      0 S   0.0   0.0   0:00.00 idle_in+
    513 root      rt   0       0      0      0 S   0.0   0.0   0:03.71 migrati+
    514 root      20   0       0      0      0 S   0.0   0.0   0:00.00 ksoftir+
    515 root      20   0       0      0      0 I   0.0   0.0   0:00.00 kworker+
    516 root       0 -20       0      0      0 I   0.0   0.0   0:00.00 kworker+
    517 root      20   0       0      0      0 S   0.0   0.0   0:00.00 cpuhp/84
    518 root     -51   0       0      0      0 S   0.0   0.0   0:00.00 idle_in+
    519 root      rt   0       0      0      0 S   0.0   0.0   0:03.71 migrati+
    520 root      20   0       0      0      0 S   0.0   0.0   0:00.00 ksoftir+
    522 root       0 -20       0      0      0 I   0.0   0.0   0:00.00 kworker+
    523 root      20   0       0      0      0 S   0.0   0.0   0:00.00 cpuhp/85
    524 root     -51   0       0      0      0 S   0.0   0.0   0:00.00 idle_in+
    525 root      rt   0       0      0      0 S   0.0   0.0   0:03.72 migrati+
    526 root      20   0       0      0      0 S   0.0   0.0   0:00.01 ksoftir+
    527 root      20   0       0      0      0 I   0.0   0.0   0:00.00 kworker+
    528 root       0 -20       0      0      0 I   0.0   0.0   0:00.00 kworker+
    529 root      20   0       0      0      0 S   0.0   0.0   0:00.00 cpuhp/86
    530 root     -51   0       0      0      0 S   0.0   0.0   0:00.00 idle_in+
    531 root      rt   0       0      0      0 S   0.0   0.0   0:03.73 migrati+
    532 root      20   0       0      0      0 S   0.0   0.0   0:00.02 ksoftir+
    534 root       0 -20       0      0      0 I   0.0   0.0   0:00.00 kworker+
    535 root      20   0       0      0      0 S   0.0   0.0   0:00.00 cpuhp/87
    536 root     -51   0       0      0      0 S   0.0   0.0   0:00.00 idle_in+
    537 root      rt   0       0      0      0 S   0.0   0.0   0:03.73 migrati+
    538 root      20   0       0      0      0 S   0.0   0.0   0:00.00 ksoftir+
    540 root       0 -20       0      0      0 I   0.0   0.0   0:00.00 kworker+
    541 root      20   0       0      0      0 S   0.0   0.0   0:00.00 cpuhp/88
    542 root     -51   0       0      0      0 S   0.0   0.0   0:00.00 idle_in+
    543 root      rt   0       0      0      0 S   0.0   0.0   0:03.74 migrati+
    544 root      20   0       0      0      0 S   0.0   0.0   0:00.00 ksoftir+
    546 root       0 -20       0      0      0 I   0.0   0.0   0:00.00 kworker+
    547 root      20   0       0      0      0 S   0.0   0.0   0:00.00 cpuhp/89
    548 root     -51   0       0      0      0 S   0.0   0.0   0:00.00 idle_in+
    549 root      rt   0       0      0      0 S   0.0   0.0   0:03.74 migrati+
    550 root      20   0       0      0      0 S   0.0   0.0   0:00.02 ksoftir+
    552 root       0 -20       0      0      0 I   0.0   0.0   0:00.00 kworker+
    553 root      20   0       0      0      0 S   0.0   0.0   0:00.00 cpuhp/90
    554 root     -51   0       0      0      0 S   0.0   0.0   0:00.00 idle_in+
    555 root      rt   0       0      0      0 S   0.0   0.0   0:03.75 migrati+
    556 root      20   0       0      0      0 S   0.0   0.0   0:00.00 ksoftir+
    557 root      20   0       0      0      0 I   0.0   0.0   0:00.00 kworker+
    558 root       0 -20       0      0      0 I   0.0   0.0   0:00.00 kworker+
    559 root      20   0       0      0      0 S   0.0   0.0   0:00.00 cpuhp/91
    560 root     -51   0       0      0      0 S   0.0   0.0   0:00.00 idle_in+
    561 root      rt   0       0      0      0 S   0.0   0.0   0:03.76 migrati+
    562 root      20   0       0      0      0 S   0.0   0.0   0:00.00 ksoftir+
    564 root       0 -20       0      0      0 I   0.0   0.0   0:00.00 kworker+
    565 root      20   0       0      0      0 S   0.0   0.0   0:00.00 cpuhp/92
    566 root     -51   0       0      0      0 S   0.0   0.0   0:00.00 idle_in+
    567 root      rt   0       0      0      0 S   0.0   0.0   0:03.76 migrati+
    568 root      20   0       0      0      0 S   0.0   0.0   0:00.00 ksoftir+
    570 root       0 -20       0      0      0 I   0.0   0.0   0:00.00 kworker+
    571 root      20   0       0      0      0 S   0.0   0.0   0:00.00 cpuhp/93
    572 root     -51   0       0      0      0 S   0.0   0.0   0:00.00 idle_in+
    573 root      rt   0       0      0      0 S   0.0   0.0   0:03.77 migrati+
    574 root      20   0       0      0      0 S   0.0   0.0   0:00.01 ksoftir+
    575 root      20   0       0      0      0 I   0.0   0.0   0:00.00 kworker+
    576 root       0 -20       0      0      0 I   0.0   0.0   0:00.00 kworker+
    577 root      20   0       0      0      0 S   0.0   0.0   0:00.00 cpuhp/94
    578 root     -51   0       0      0      0 S   0.0   0.0   0:00.00 idle_in+
    579 root      rt   0       0      0      0 S   0.0   0.0   0:03.80 migrati+
    580 root      20   0       0      0      0 S   0.0   0.0   0:00.00 ksoftir+
    581 root      20   0       0      0      0 I   0.0   0.0   0:00.00 kworker+
    582 root       0 -20       0      0      0 I   0.0   0.0   0:00.00 kworker+
    583 root      20   0       0      0      0 S   0.0   0.0   0:00.00 cpuhp/95
    584 root     -51   0       0      0      0 S   0.0   0.0   0:00.00 idle_in+
    585 root      rt   0       0      0      0 S   0.0   0.0   0:03.79 migrati+
    586 root      20   0       0      0      0 S   0.0   0.0   0:00.00 ksoftir+
    587 root      20   0       0      0      0 I   0.0   0.0   0:00.00 kworker+
    588 root       0 -20       0      0      0 I   0.0   0.0   0:00.00 kworker+
    589 root      20   0       0      0      0 S   0.0   0.0   0:00.00 cpuhp/96
    590 root     -51   0       0      0      0 S   0.0   0.0   0:00.00 idle_in+
    591 root      rt   0       0      0      0 S   0.0   0.0   0:03.79 migrati+
    592 root      20   0       0      0      0 S   0.0   0.0   0:00.17 ksoftir+
    594 root       0 -20       0      0      0 I   0.0   0.0   0:00.00 kworker+
    595 root      20   0       0      0      0 S   0.0   0.0   0:00.00 cpuhp/97
    596 root     -51   0       0      0      0 S   0.0   0.0   0:00.00 idle_in+
    597 root      rt   0       0      0      0 S   0.0   0.0   0:03.81 migrati+
    598 root      20   0       0      0      0 S   0.0   0.0   0:00.00 ksoftir+
    599 root      20   0       0      0      0 I   0.0   0.0   0:00.00 kworker+
    600 root       0 -20       0      0      0 I   0.0   0.0   0:00.00 kworker+
    601 root      20   0       0      0      0 S   0.0   0.0   0:00.00 cpuhp/98
    602 root     -51   0       0      0      0 S   0.0   0.0   0:00.00 idle_in+
    603 root      rt   0       0      0      0 S   0.0   0.0   0:03.80 migrati+
    604 root      20   0       0      0      0 S   0.0   0.0   0:00.00 ksoftir+
    606 root       0 -20       0      0      0 I   0.0   0.0   0:00.00 kworker+
    607 root      20   0       0      0      0 S   0.0   0.0   0:00.00 cpuhp/99
    608 root     -51   0       0      0      0 S   0.0   0.0   0:00.00 idle_in+
    609 root      rt   0       0      0      0 S   0.0   0.0   0:03.68 migrati+
    610 root      20   0       0      0      0 S   0.0   0.0   0:00.02 ksoftir+
    611 root      20   0       0      0      0 I   0.0   0.0   0:00.00 kworker+
    612 root       0 -20       0      0      0 I   0.0   0.0   0:00.00 kworker+
    613 root      20   0       0      0      0 S   0.0   0.0   0:00.00 cpuhp/1+
    614 root     -51   0       0      0      0 S   0.0   0.0   0:00.00 idle_in+
    615 root      rt   0       0      0      0 S   0.0   0.0   0:03.67 migrati+
    616 root      20   0       0      0      0 S   0.0   0.0   0:00.00 ksoftir+
    618 root       0 -20       0      0      0 I   0.0   0.0   0:00.00 kworker+
    619 root      20   0       0      0      0 S   0.0   0.0   0:00.00 cpuhp/1+
    620 root     -51   0       0      0      0 S   0.0   0.0   0:00.00 idle_in+
    621 root      rt   0       0      0      0 S   0.0   0.0   0:03.82 migrati+
    622 root      20   0       0      0      0 S   0.0   0.0   0:00.01 ksoftir+
    624 root       0 -20       0      0      0 I   0.0   0.0   0:00.00 kworker+
    625 root      20   0       0      0      0 S   0.0   0.0   0:00.00 cpuhp/1+
    626 root     -51   0       0      0      0 S   0.0   0.0   0:00.00 idle_in+
    627 root      rt   0       0      0      0 S   0.0   0.0   0:03.82 migrati+
    628 root      20   0       0      0      0 S   0.0   0.0   0:00.01 ksoftir+
    630 root       0 -20       0      0      0 I   0.0   0.0   0:00.00 kworker+
    631 root      20   0       0      0      0 S   0.0   0.0   0:00.00 cpuhp/1+
    632 root     -51   0       0      0      0 S   0.0   0.0   0:00.00 idle_in+
    633 root      rt   0       0      0      0 S   0.0   0.0   0:03.83 migrati+
    634 root      20   0       0      0      0 S   0.0   0.0   0:00.01 ksoftir+
    636 root       0 -20       0      0      0 I   0.0   0.0   0:00.00 kworker+
    637 root      20   0       0      0      0 S   0.0   0.0   0:00.00 cpuhp/1+
    638 root     -51   0       0      0      0 S   0.0   0.0   0:00.00 idle_in+
    639 root      rt   0       0      0      0 S   0.0   0.0   0:03.83 migrati+
    640 root      20   0       0      0      0 S   0.0   0.0   0:00.02 ksoftir+
    642 root       0 -20       0      0      0 I   0.0   0.0   0:00.00 kworker+
    643 root      20   0       0      0      0 S   0.0   0.0   0:00.00 cpuhp/1+
    644 root     -51   0       0      0      0 S   0.0   0.0   0:00.00 idle_in+
    645 root      rt   0       0      0      0 S   0.0   0.0   0:03.85 migrati+
    646 root      20   0       0      0      0 S   0.0   0.0   0:00.00 ksoftir+
    648 root       0 -20       0      0      0 I   0.0   0.0   0:00.00 kworker+
    649 root      20   0       0      0      0 S   0.0   0.0   0:00.00 cpuhp/1+
    650 root     -51   0       0      0      0 S   0.0   0.0   0:00.00 idle_in+
    651 root      rt   0       0      0      0 S   0.0   0.0   0:03.85 migrati+
    652 root      20   0       0      0      0 S   0.0   0.0   0:00.02 ksoftir+
    653 root      20   0       0      0      0 I   0.0   0.0   0:00.00 kworker+
    654 root       0 -20       0      0      0 I   0.0   0.0   0:00.00 kworker+
    655 root      20   0       0      0      0 S   0.0   0.0   0:00.00 cpuhp/1+
    656 root     -51   0       0      0      0 S   0.0   0.0   0:00.00 idle_in+
    657 root      rt   0       0      0      0 S   0.0   0.0   0:03.85 migrati+
    658 root      20   0       0      0      0 S   0.0   0.0   0:00.00 ksoftir+
    660 root       0 -20       0      0      0 I   0.0   0.0   0:00.00 kworker+
    661 root      20   0       0      0      0 S   0.0   0.0   0:00.00 cpuhp/1+
    662 root     -51   0       0      0      0 S   0.0   0.0   0:00.00 idle_in+
    663 root      rt   0       0      0      0 S   0.0   0.0   0:03.86 migrati+
    664 root      20   0       0      0      0 S   0.0   0.0   0:00.00 ksoftir+
    666 root       0 -20       0      0      0 I   0.0   0.0   0:00.00 kworker+
    667 root      20   0       0      0      0 S   0.0   0.0   0:00.00 cpuhp/1+
    668 root     -51   0       0      0      0 S   0.0   0.0   0:00.00 idle_in+
    669 root      rt   0       0      0      0 S   0.0   0.0   0:03.87 migrati+
    670 root      20   0       0      0      0 S   0.0   0.0   0:00.01 ksoftir+
    671 root      20   0       0      0      0 I   0.0   0.0   0:00.00 kworker+
    672 root       0 -20       0      0      0 I   0.0   0.0   0:00.00 kworker+
    673 root      20   0       0      0      0 S   0.0   0.0   0:00.00 cpuhp/1+
    674 root     -51   0       0      0      0 S   0.0   0.0   0:00.00 idle_in+
    675 root      rt   0       0      0      0 S   0.0   0.0   0:03.87 migrati+
    676 root      20   0       0      0      0 S   0.0   0.0   0:00.02 ksoftir+
    678 root       0 -20       0      0      0 I   0.0   0.0   0:00.00 kworker+
    679 root      20   0       0      0      0 S   0.0   0.0   0:00.00 cpuhp/1+
    680 root     -51   0       0      0      0 S   0.0   0.0   0:00.00 idle_in+
    681 root      rt   0       0      0      0 S   0.0   0.0   0:03.88 migrati+
    682 root      20   0       0      0      0 S   0.0   0.0   0:00.03 ksoftir+
    683 root      20   0       0      0      0 I   0.0   0.0   0:00.00 kworker+
    684 root       0 -20       0      0      0 I   0.0   0.0   0:00.00 kworker+
    685 root      20   0       0      0      0 S   0.0   0.0   0:00.00 cpuhp/1+
    686 root     -51   0       0      0      0 S   0.0   0.0   0:00.00 idle_in+
    687 root      rt   0       0      0      0 S   0.0   0.0   0:03.89 migrati+
    688 root      20   0       0      0      0 S   0.0   0.0   0:00.00 ksoftir+
    689 root      20   0       0      0      0 I   0.0   0.0   0:00.00 kworker+
    690 root       0 -20       0      0      0 I   0.0   0.0   0:00.00 kworker+
    691 root      20   0       0      0      0 S   0.0   0.0   0:00.00 cpuhp/1+
    692 root     -51   0       0      0      0 S   0.0   0.0   0:00.00 idle_in+
    693 root      rt   0       0      0      0 S   0.0   0.0   0:03.89 migrati+
    694 root      20   0       0      0      0 S   0.0   0.0   0:00.00 ksoftir+
    696 root       0 -20       0      0      0 I   0.0   0.0   0:00.00 kworker+
    697 root      20   0       0      0      0 S   0.0   0.0   0:00.00 cpuhp/1+
    698 root     -51   0       0      0      0 S   0.0   0.0   0:00.00 idle_in+
    699 root      rt   0       0      0      0 S   0.0   0.0   0:03.90 migrati+
    700 root      20   0       0      0      0 S   0.0   0.0   0:00.00 ksoftir+
    702 root       0 -20       0      0      0 I   0.0   0.0   0:00.00 kworker+
    703 root      20   0       0      0      0 S   0.0   0.0   0:00.00 cpuhp/1+
    704 root     -51   0       0      0      0 S   0.0   0.0   0:00.00 idle_in+
    705 root      rt   0       0      0      0 S   0.0   0.0   0:03.91 migrati+
    706 root      20   0       0      0      0 S   0.0   0.0   0:00.03 ksoftir+
    707 root      20   0       0      0      0 I   0.0   0.0   0:00.00 kworker+
    708 root       0 -20       0      0      0 I   0.0   0.0   0:00.00 kworker+
    709 root      20   0       0      0      0 S   0.0   0.0   0:00.00 cpuhp/1+
    710 root     -51   0       0      0      0 S   0.0   0.0   0:00.00 idle_in+
    711 root      rt   0       0      0      0 S   0.0   0.0   0:03.91 migrati+
    712 root      20   0       0      0      0 S   0.0   0.0   0:00.00 ksoftir+
    713 root      20   0       0      0      0 I   0.0   0.0   0:00.00 kworker+
    714 root       0 -20       0      0      0 I   0.0   0.0   0:00.00 kworker+
    715 root      20   0       0      0      0 S   0.0   0.0   0:00.00 cpuhp/1+
    716 root     -51   0       0      0      0 S   0.0   0.0   0:00.00 idle_in+
    717 root      rt   0       0      0      0 S   0.0   0.0   0:03.94 migrati+
    718 root      20   0       0      0      0 S   0.0   0.0   0:00.00 ksoftir+
    720 root       0 -20       0      0      0 I   0.0   0.0   0:00.00 kworker+
    721 root      20   0       0      0      0 S   0.0   0.0   0:00.00 cpuhp/1+
    722 root     -51   0       0      0      0 S   0.0   0.0   0:00.00 idle_in+
    723 root      rt   0       0      0      0 S   0.0   0.0   0:03.95 migrati+
    724 root      20   0       0      0      0 S   0.0   0.0   0:00.01 ksoftir+
    726 root       0 -20       0      0      0 I   0.0   0.0   0:00.00 kworker+
    727 root      20   0       0      0      0 S   0.0   0.0   0:00.00 cpuhp/1+
    728 root     -51   0       0      0      0 S   0.0   0.0   0:00.00 idle_in+
    729 root      rt   0       0      0      0 S   0.0   0.0   0:03.93 migrati+
    730 root      20   0       0      0      0 S   0.0   0.0   0:00.00 ksoftir+
    732 root       0 -20       0      0      0 I   0.0   0.0   0:00.00 kworker+
    733 root      20   0       0      0      0 S   0.0   0.0   0:00.00 cpuhp/1+
    734 root     -51   0       0      0      0 S   0.0   0.0   0:00.00 idle_in+
    735 root      rt   0       0      0      0 S   0.0   0.0   0:03.94 migrati+
    736 root      20   0       0      0      0 S   0.0   0.0   0:00.00 ksoftir+
    738 root       0 -20       0      0      0 I   0.0   0.0   0:00.00 kworker+
    739 root      20   0       0      0      0 S   0.0   0.0   0:00.00 cpuhp/1+
    740 root     -51   0       0      0      0 S   0.0   0.0   0:00.00 idle_in+
    741 root      rt   0       0      0      0 S   0.0   0.0   0:03.94 migrati+
    742 root      20   0       0      0      0 S   0.0   0.0   0:00.00 ksoftir+
    744 root       0 -20       0      0      0 I   0.0   0.0   0:00.00 kworker+
    745 root      20   0       0      0      0 S   0.0   0.0   0:00.00 cpuhp/1+
    746 root     -51   0       0      0      0 S   0.0   0.0   0:00.00 idle_in+
    747 root      rt   0       0      0      0 S   0.0   0.0   0:03.95 migrati+
    748 root      20   0       0      0      0 S   0.0   0.0   0:00.00 ksoftir+
    750 root       0 -20       0      0      0 I   0.0   0.0   0:00.00 kworker+
    751 root      20   0       0      0      0 S   0.0   0.0   0:00.00 cpuhp/1+
    752 root     -51   0       0      0      0 S   0.0   0.0   0:00.00 idle_in+
    753 root      rt   0       0      0      0 S   0.0   0.0   0:03.96 migrati+
    754 root      20   0       0      0      0 S   0.0   0.0   0:00.00 ksoftir+
    756 root       0 -20       0      0      0 I   0.0   0.0   0:00.00 kworker+
    757 root      20   0       0      0      0 S   0.0   0.0   0:00.00 cpuhp/1+
    758 root     -51   0       0      0      0 S   0.0   0.0   0:00.00 idle_in+
    759 root      rt   0       0      0      0 S   0.0   0.0   0:03.98 migrati+
    760 root      20   0       0      0      0 S   0.0   0.0   0:00.02 ksoftir+
    762 root       0 -20       0      0      0 I   0.0   0.0   0:00.00 kworker+
    763 root      20   0       0      0      0 S   0.0   0.0   0:00.00 cpuhp/1+
    764 root     -51   0       0      0      0 S   0.0   0.0   0:00.00 idle_in+
    765 root      rt   0       0      0      0 S   0.0   0.0   0:03.97 migrati+
    766 root      20   0       0      0      0 S   0.0   0.0   0:00.00 ksoftir+
    768 root       0 -20       0      0      0 I   0.0   0.0   0:00.00 kworker+
    769 root      20   0       0      0      0 S   0.0   0.0   0:00.00 cpuhp/1+
    770 root     -51   0       0      0      0 S   0.0   0.0   0:00.00 idle_in+
    771 root      rt   0       0      0      0 S   0.0   0.0   0:03.97 migrati+
    772 root      20   0       0      0      0 S   0.0   0.0   0:00.00 ksoftir+
    774 root       0 -20       0      0      0 I   0.0   0.0   0:00.00 kworker+
    775 root      20   0       0      0      0 S   0.0   0.0   0:00.00 cpuhp/1+
    776 root     -51   0       0      0      0 S   0.0   0.0   0:00.00 idle_in+
    777 root      rt   0       0      0      0 S   0.0   0.0   0:03.99 migrati+
    778 root      20   0       0      0      0 S   0.0   0.0   0:00.02 ksoftir+
    779 root      20   0       0      0      0 I   0.0   0.0   0:00.03 kworker+
    780 root       0 -20       0      0      0 I   0.0   0.0   0:00.00 kworker+
    781 root      20   0       0      0      0 S   0.0   0.0   0:00.00 kdevtmp+
    782 root       0 -20       0      0      0 I   0.0   0.0   0:00.00 netns
    783 root       0 -20       0      0      0 I   0.0   0.0   0:00.00 inet_fr+
    784 root      20   0       0      0      0 S   0.0   0.0   0:00.00 kauditd
    785 root      20   0       0      0      0 I   0.0   0.0   0:00.22 kworker+
    787 root      20   0       0      0      0 I   0.0   0.0   0:01.07 kworker+
    788 root      20   0       0      0      0 S   0.0   0.0   0:00.27 khungta+
    789 root      20   0       0      0      0 S   0.0   0.0   0:00.00 oom_rea+
    790 root       0 -20       0      0      0 I   0.0   0.0   0:00.00 writeba+
    791 root      20   0       0      0      0 S   0.0   0.0   0:02.58 kcompac+
    792 root      20   0       0      0      0 S   0.0   0.0   0:02.65 kcompac+
    793 root      25   5       0      0      0 S   0.0   0.0   0:00.00 ksmd
    794 root      39  19       0      0      0 S   0.0   0.0   0:00.48 khugepa+
    841 root      20   0       0      0      0 I   0.0   0.0   0:00.17 kworker+
    842 root       0 -20       0      0      0 I   0.0   0.0   0:00.00 kintegr+
    843 root       0 -20       0      0      0 I   0.0   0.0   0:00.00 kblockd
    844 root       0 -20       0      0      0 I   0.0   0.0   0:00.00 blkcg_p+
    845 root       0 -20       0      0      0 I   0.0   0.0   0:00.00 tpm_dev+
    846 root       0 -20       0      0      0 I   0.0   0.0   0:00.00 ata_sff
    847 root       0 -20       0      0      0 I   0.0   0.0   0:00.00 md
    848 root       0 -20       0      0      0 I   0.0   0.0   0:00.00 edac-po+
    849 root       0 -20       0      0      0 I   0.0   0.0   0:00.00 devfreq+
    850 root     -51   0       0      0      0 S   0.0   0.0   0:00.00 watchdo+
    852 root      20   0       0      0      0 I   0.0   0.0   0:00.53 kworker+
    853 root       0 -20       0      0      0 I   0.0   0.0   0:00.00 kworker+
    855 root      20   0       0      0      0 I   0.0   0.0   0:00.48 kworker+
    858 root      20   0       0      0      0 I   0.0   0.0   0:00.39 kworker+
    859 root      20   0       0      0      0 I   0.0   0.0   0:00.42 kworker+
    860 root      20   0       0      0      0 I   0.0   0.0   0:00.29 kworker+
    861 root      20   0       0      0      0 I   0.0   0.0   0:00.24 kworker+
    862 root      20   0       0      0      0 I   0.0   0.0   0:00.25 kworker+
    863 root      20   0       0      0      0 I   0.0   0.0   0:02.67 kworker+
    864 root      20   0       0      0      0 I   0.0   0.0   0:00.14 kworker+
    865 root      20   0       0      0      0 I   0.0   0.0   0:00.33 kworker+
    866 root      20   0       0      0      0 I   0.0   0.0   0:00.08 kworker+
    867 root      20   0       0      0      0 I   0.0   0.0   0:00.08 kworker+
    868 root      20   0       0      0      0 I   0.0   0.0   0:00.07 kworker+
    869 root      20   0       0      0      0 I   0.0   0.0   0:00.15 kworker+
    870 root      20   0       0      0      0 I   0.0   0.0   0:00.05 kworker+
    871 root      20   0       0      0      0 I   0.0   0.0   0:00.06 kworker+
    872 root      20   0       0      0      0 I   0.0   0.0   0:00.05 kworker+
    873 root      20   0       0      0      0 I   0.0   0.0   0:00.06 kworker+
    874 root      20   0       0      0      0 I   0.0   0.0   0:00.03 kworker+
    875 root      20   0       0      0      0 I   0.0   0.0   0:00.03 kworker+
    876 root      20   0       0      0      0 I   0.0   0.0   0:00.03 kworker+
    877 root      20   0       0      0      0 I   0.0   0.0   0:00.03 kworker+
    878 root      20   0       0      0      0 I   0.0   0.0   0:00.03 kworker+
    879 root      20   0       0      0      0 I   0.0   0.0   0:00.03 kworker+
    880 root      20   0       0      0      0 I   0.0   0.0   0:00.06 kworker+
    881 root      20   0       0      0      0 I   0.0   0.0   0:00.03 kworker+
    882 root      20   0       0      0      0 I   0.0   0.0   0:00.67 kworker+
    883 root      20   0       0      0      0 I   0.0   0.0   0:00.37 kworker+
    884 root      20   0       0      0      0 I   0.0   0.0   0:00.03 kworker+
    885 root      20   0       0      0      0 I   0.0   0.0   0:00.21 kworker+
    886 root      20   0       0      0      0 I   0.0   0.0   0:00.36 kworker+
    887 root      20   0       0      0      0 I   0.0   0.0   0:00.27 kworker+
    888 root      20   0       0      0      0 I   0.0   0.0   0:00.16 kworker+
    889 root      20   0       0      0      0 I   0.0   0.0   0:00.00 kworker+
    890 root      20   0       0      0      0 I   0.0   0.0   0:00.17 kworker+
    892 root      20   0       0      0      0 I   0.0   0.0   0:00.00 kworker+
    893 root      20   0       0      0      0 I   0.0   0.0   0:00.00 kworker+
    894 root      20   0       0      0      0 I   0.0   0.0   0:00.14 kworker+
    895 root      20   0       0      0      0 I   0.0   0.0   0:00.10 kworker+
    896 root      20   0       0      0      0 I   0.0   0.0   0:00.10 kworker+
    897 root      20   0       0      0      0 I   0.0   0.0   0:00.09 kworker+
    898 root      20   0       0      0      0 I   0.0   0.0   0:00.14 kworker+
    899 root      20   0       0      0      0 I   0.0   0.0   0:00.09 kworker+
    900 root      20   0       0      0      0 I   0.0   0.0   0:00.23 kworker+
    901 root      20   0       0      0      0 I   0.0   0.0   0:00.10 kworker+
    902 root      20   0       0      0      0 I   0.0   0.0   0:00.27 kworker+
    903 root      20   0       0      0      0 I   0.0   0.0   0:00.40 kworker+
    904 root      20   0       0      0      0 I   0.0   0.0   0:00.20 kworker+
    908 root      20   0       0      0      0 I   0.0   0.0   0:00.07 kworker+
    909 root      20   0       0      0      0 I   0.0   0.0   0:00.44 kworker+
    910 root      20   0       0      0      0 I   0.0   0.0   0:00.05 kworker+
    913 root      20   0       0      0      0 I   0.0   0.0   0:00.07 kworker+
    915 root      20   0       0      0      0 I   0.0   0.0   0:00.06 kworker+
    916 root      20   0       0      0      0 I   0.0   0.0   0:00.02 kworker+
    919 root      20   0       0      0      0 I   0.0   0.0   0:00.05 kworker+
    920 root      20   0       0      0      0 I   0.0   0.0   0:00.04 kworker+
    921 root      20   0       0      0      0 I   0.0   0.0   0:00.05 kworker+
    922 root      20   0       0      0      0 I   0.0   0.0   0:00.05 kworker+
    923 root      20   0       0      0      0 I   0.0   0.0   0:00.05 kworker+
    924 root      20   0       0      0      0 I   0.0   0.0   0:00.04 kworker+
    925 root      20   0       0      0      0 I   0.0   0.0   0:00.05 kworker+
    926 root      20   0       0      0      0 I   0.0   0.0   0:00.10 kworker+
    927 root      20   0       0      0      0 I   0.0   0.0   0:00.06 kworker+
    928 root      20   0       0      0      0 I   0.0   0.0   0:00.05 kworker+
    929 root      20   0       0      0      0 I   0.0   0.0   0:00.03 kworker+
    930 root      20   0       0      0      0 I   0.0   0.0   0:00.03 kworker+
    931 root      20   0       0      0      0 I   0.0   0.0   0:00.07 kworker+
    932 root      20   0       0      0      0 I   0.0   0.0   0:00.03 kworker+
    933 root      20   0       0      0      0 I   0.0   0.0   0:00.04 kworker+
    934 root      20   0       0      0      0 I   0.0   0.0   0:00.03 kworker+
    936 root      20   0       0      0      0 I   0.0   0.0   0:00.00 kworker+
    937 root      20   0       0      0      0 I   0.0   0.0   0:00.03 kworker+
    938 root      20   0       0      0      0 I   0.0   0.0   0:00.02 kworker+
    939 root      20   0       0      0      0 I   0.0   0.0   0:00.02 kworker+
    941 root      20   0       0      0      0 I   0.0   0.0   0:00.03 kworker+
    942 root      20   0       0      0      0 I   0.0   0.0   0:00.03 kworker+
    943 root      20   0       0      0      0 I   0.0   0.0   0:00.04 kworker+
    944 root      20   0       0      0      0 I   0.0   0.0   0:00.12 kworker+
    945 root      20   0       0      0      0 I   0.0   0.0   0:01.21 kworker+
    947 root      20   0       0      0      0 I   0.0   0.0   0:00.90 kworker+
    948 root      20   0       0      0      0 I   0.0   0.0   0:00.41 kworker+
    949 root      20   0       0      0      0 I   0.0   0.0   0:00.24 kworker+
    950 root      20   0       0      0      0 I   0.0   0.0   0:00.02 kworker+
    951 root      20   0       0      0      0 I   0.0   0.0   0:00.12 kworker+
    952 root      20   0       0      0      0 I   0.0   0.0   0:00.00 kworker+
    953 root      20   0       0      0      0 I   0.0   0.0   0:00.00 kworker+
    954 root      20   0       0      0      0 I   0.0   0.0   0:00.06 kworker+
    955 root      20   0       0      0      0 I   0.0   0.0   0:00.00 kworker+
    956 root      20   0       0      0      0 I   0.0   0.0   0:00.00 kworker+
    957 root      20   0       0      0      0 I   0.0   0.0   0:00.05 kworker+
    958 root      20   0       0      0      0 I   0.0   0.0   0:00.07 kworker+
    959 root      20   0       0      0      0 I   0.0   0.0   0:00.10 kworker+
    961 root      20   0       0      0      0 I   0.0   0.0   0:00.13 kworker+
    962 root      20   0       0      0      0 I   0.0   0.0   0:00.06 kworker+
    963 root      20   0       0      0      0 I   0.0   0.0   0:00.13 kworker+
    964 root      20   0       0      0      0 I   0.0   0.0   0:00.10 kworker+
    965 root      20   0       0      0      0 I   0.0   0.0   0:00.86 kworker+
    966 root      20   0       0      0      0 I   0.0   0.0   0:00.10 kworker+
    976 root      20   0       0      0      0 I   0.0   0.0   0:00.38 kworker+
    977 root      20   0       0      0      0 S   0.0   0.0 800:31.65 ksgxd
    979 root      20   0       0      0      0 S   0.0   0.0   0:00.00 kswapd0
    980 root      20   0       0      0      0 S   0.0   0.0   0:00.00 kswapd1
    981 root      20   0       0      0      0 S   0.0   0.0   0:00.00 ecryptf+
    983 root       0 -20       0      0      0 I   0.0   0.0   0:00.00 kthrotld
    984 root     -51   0       0      0      0 S   0.0   0.0   0:00.00 irq/130+
    985 root     -51   0       0      0      0 S   0.0   0.0   0:00.00 irq/133+
    986 root     -51   0       0      0      0 S   0.0   0.0   0:00.00 irq/134+
    987 root     -51   0       0      0      0 S   0.0   0.0   0:00.00 irq/136+
    988 root     -51   0       0      0      0 S   0.0   0.0   0:00.00 irq/137+
    989 root     -51   0       0      0      0 S   0.0   0.0   0:00.00 irq/138+
    990 root     -51   0       0      0      0 S   0.0   0.0   0:00.00 irq/139+
    991 root     -51   0       0      0      0 S   0.0   0.0   0:00.00 irq/142+
    992 root     -51   0       0      0      0 S   0.0   0.0   0:00.00 irq/143+
    993 root     -51   0       0      0      0 S   0.0   0.0   0:00.00 irq/144+
    994 root     -51   0       0      0      0 S   0.0   0.0   0:00.00 irq/145+
    995 root       0 -20       0      0      0 I   0.0   0.0   0:00.00 acpi_th+
    997 root      20   0       0      0      0 I   0.0   0.0   0:00.00 kworker+
    998 root       0 -20       0      0      0 I   0.0   0.0   0:00.00 vfio-ir+
    999 root      20   0       0      0      0 I   0.0   0.0   0:00.00 kworker+
   1000 root       0 -20       0      0      0 I   0.0   0.0   0:00.00 mld
   1001 root       0 -20       0      0      0 I   0.0   0.0   0:00.00 kworker+
   1002 root       0 -20       0      0      0 I   0.0   0.0   0:00.00 ipv6_ad+
   1011 root       0 -20       0      0      0 I   0.0   0.0   0:00.00 kstrp
   1014 root       0 -20       0      0      0 I   0.0   0.0   0:00.00 zswap-s+
   1015 root       0 -20       0      0      0 I   0.0   0.0   0:00.00 kworker+
   1016 root       0 -20       0      0      0 I   0.0   0.0   0:00.00 kworker+
   1017 root       0 -20       0      0      0 I   0.0   0.0   0:00.00 kworker+
   1024 root       0 -20       0      0      0 I   0.0   0.0   0:00.00 charger+
   1025 root      20   0       0      0      0 I   0.0   0.0   6:12.91 kworker+
   1047 root       0 -20       0      0      0 I   0.0   0.0   0:00.00 kworker+
   1130 root      20   0       0      0      0 I   0.0   0.0   0:00.00 kworker+
   1183 root       0 -20       0      0      0 I   0.0   0.0   0:00.00 kworker+
   1185 root       0 -20       0      0      0 I   0.0   0.0   0:00.00 nvme-wq
   1187 root       0 -20       0      0      0 I   0.0   0.0   0:00.00 nvme-re+
   1188 root       0 -20       0      0      0 I   0.0   0.0   0:00.00 nvme-de+
   1206 root       0 -20       0      0      0 I   0.0   0.0   0:00.00 ice
   1218 root       0 -20       0      0      0 I   0.0   0.0   0:00.00 kworker+
   1219 root       0 -20       0      0      0 I   0.0   0.0   0:00.00 kworker+
   1220 root       0 -20       0      0      0 I   0.0   0.0   0:00.00 kworker+
   1221 root       0 -20       0      0      0 I   0.0   0.0   0:00.00 kworker+
   1227 root       0 -20       0      0      0 I   0.0   0.0   0:00.00 kworker+
   1228 root       0 -20       0      0      0 I   0.0   0.0   0:00.00 kworker+
   1234 root       0 -20       0      0      0 I   0.0   0.0   0:00.00 kworker+
   1236 root       0 -20       0      0      0 I   0.0   0.0   0:00.00 kworker+
   1237 root       0 -20       0      0      0 I   0.0   0.0   0:00.00 kworker+
   1238 root       0 -20       0      0      0 I   0.0   0.0   0:00.00 cryptd
   1239 root       0 -20       0      0      0 I   0.0   0.0   0:00.00 ixgbe
   1261 root      20   0       0      0      0 S   0.0   0.0   0:00.01 scsi_eh+
   1262 root       0 -20       0      0      0 I   0.0   0.0   0:00.00 scsi_tm+
   1263 root      20   0       0      0      0 S   0.0   0.0   0:00.00 scsi_eh+
   1264 root       0 -20       0      0      0 I   0.0   0.0   0:00.00 scsi_tm+
   1265 root      20   0       0      0      0 S   0.0   0.0   0:00.04 scsi_eh+
   1266 root       0 -20       0      0      0 I   0.0   0.0   0:00.00 scsi_tm+
   1267 root      20   0       0      0      0 S   0.0   0.0   0:00.04 scsi_eh+
   1268 root       0 -20       0      0      0 I   0.0   0.0   0:00.00 scsi_tm+
   1269 root      20   0       0      0      0 S   0.0   0.0   0:00.01 scsi_eh+
   1270 root       0 -20       0      0      0 I   0.0   0.0   0:00.00 scsi_tm+
   1271 root      20   0       0      0      0 S   0.0   0.0   0:00.01 scsi_eh+
   1272 root       0 -20       0      0      0 I   0.0   0.0   0:00.00 scsi_tm+
   1278 root      20   0       0      0      0 I   0.0   0.0   0:00.00 kworker+
   1279 root      20   0       0      0      0 S   0.0   0.0   0:00.00 scsi_eh+
   1280 root       0 -20       0      0      0 I   0.0   0.0   0:00.00 scsi_tm+
   1282 root       0 -20       0      0      0 I   0.0   0.0   0:00.00 kworker+
   1283 root       0 -20       0      0      0 I   0.0   0.0   0:00.00 kworker+
   1284 root      20   0       0      0      0 I   0.0   0.0   0:00.00 kworker+
   1285 root      20   0       0      0      0 S   0.0   0.0   0:00.00 scsi_eh+
   1286 root       0 -20       0      0      0 I   0.0   0.0   0:00.00 scsi_tm+
   1287 root      20   0       0      0      0 S   0.0   0.0   0:00.00 scsi_eh+
   1288 root       0 -20       0      0      0 I   0.0   0.0   0:00.00 scsi_tm+
   1289 root      20   0       0      0      0 S   0.0   0.0   0:00.00 scsi_eh+
   1290 root       0 -20       0      0      0 I   0.0   0.0   0:00.00 scsi_tm+
   1291 root      20   0       0      0      0 S   0.0   0.0   0:00.00 scsi_eh+
   1292 root       0 -20       0      0      0 I   0.0   0.0   0:00.00 scsi_tm+
   1293 root      20   0       0      0      0 S   0.0   0.0   0:00.00 scsi_eh+
   1294 root       0 -20       0      0      0 I   0.0   0.0   0:00.00 scsi_tm+
   1295 root      20   0       0      0      0 S   0.0   0.0   0:00.00 scsi_eh+
   1296 root       0 -20       0      0      0 I   0.0   0.0   0:00.00 scsi_tm+
   1297 root      20   0       0      0      0 S   0.0   0.0   0:00.00 scsi_eh+
   1298 root       0 -20       0      0      0 I   0.0   0.0   0:00.00 scsi_tm+
   1299 root      20   0       0      0      0 S   0.0   0.0   0:00.00 scsi_eh+
   1300 root       0 -20       0      0      0 I   0.0   0.0   0:00.00 scsi_tm+
   1306 root      20   0       0      0      0 I   0.0   0.0   0:00.00 kworker+
   1309 root       0 -20       0      0      0 I   0.0   0.0   0:00.00 kworker+
   1311 root       0 -20       0      0      0 I   0.0   0.0   0:00.00 kworker+
   1315 root       0 -20       0      0      0 I   0.0   0.0   0:00.00 kworker+
   1321 root       0 -20       0      0      0 I   0.0   0.0   0:00.00 kworker+
   1337 root       0 -20       0      0      0 I   0.0   0.0   0:00.00 kworker+
   1338 root       0 -20       0      0      0 I   0.0   0.0   0:00.00 kworker+
   1341 root       0 -20       0      0      0 I   0.0   0.0   0:00.00 kworker+
   1446 root       0 -20       0      0      0 I   0.0   0.0   0:00.00 kworker+
   1447 root       0 -20       0      0      0 I   0.0   0.0   0:00.00 kworker+
   1469 root       0 -20       0      0      0 I   0.0   0.0   0:00.00 raid5wq
   1515 root       0 -20       0      0      0 I   0.0   0.0   0:00.00 kworker+
   1520 root       0 -20       0      0      0 I   0.0   0.0   0:00.00 kworker+
   1521 root      20   0       0      0      0 S   0.0   0.0   0:01.15 jbd2/sd+
   1522 root       0 -20       0      0      0 I   0.0   0.0   0:00.00 ext4-rs+
   1524 root       0 -20       0      0      0 I   0.0   0.0   0:00.00 kworker+
   1546 root       0 -20       0      0      0 I   0.0   0.0   0:00.00 kworker+
   1547 root       0 -20       0      0      0 I   0.0   0.0   0:00.00 kworker+
   1553 root       0 -20       0      0      0 I   0.0   0.0   0:00.00 kworker+
   1561 root       0 -20       0      0      0 I   0.0   0.0   0:00.00 kworker+
   1562 root       0 -20       0      0      0 I   0.0   0.0   0:00.00 kworker+
   1564 root       0 -20       0      0      0 I   0.0   0.0   0:00.00 kworker+
   1565 root       0 -20       0      0      0 I   0.0   0.0   0:00.00 kworker+
   1567 root       0 -20       0      0      0 I   0.0   0.0   0:00.00 kworker+
   1570 root       0 -20       0      0      0 I   0.0   0.0   0:00.00 kworker+
   1573 root       0 -20       0      0      0 I   0.0   0.0   0:00.00 kworker+
   1589 root       0 -20       0      0      0 I   0.0   0.0   0:00.00 kworker+
   1590 root       0 -20       0      0      0 I   0.0   0.0   0:00.00 kworker+
   1591 root       0 -20       0      0      0 I   0.0   0.0   0:00.00 kworker+
   1594 root       0 -20       0      0      0 I   0.0   0.0   0:00.00 kworker+
   1595 root       0 -20       0      0      0 I   0.0   0.0   0:00.00 kworker+
   1600 root      19  -1   57064  34140  33240 S   0.0   0.0   0:00.62 systemd+
   1602 root       0 -20       0      0      0 I   0.0   0.0   0:00.00 kworker+
   1603 root       0 -20       0      0      0 I   0.0   0.0   0:00.00 kworker+
   1616 root       0 -20       0      0      0 I   0.0   0.0   0:00.00 kworker+
   1628 root      20   0       0      0      0 I   0.0   0.0   0:00.00 kworker+
   1630 root       0 -20       0      0      0 I   0.0   0.0   0:00.00 ipmi-ms+
   1634 root       0 -20       0      0      0 I   0.0   0.0   0:00.00 kworker+
   1635 root       0 -20       0      0      0 I   0.0   0.0   0:00.03 kworker+
   1636 root       0 -20       0      0      0 I   0.0   0.0   0:00.00 kworker+
   1638 root       0 -20       0      0      0 I   0.0   0.0   0:00.00 kworker+
   1639 root       0 -20       0      0      0 I   0.0   0.0   0:00.00 kworker+
   1640 root      20   0   11816   7444   3988 S   0.0   0.0   0:00.77 systemd+
   1641 root       0 -20       0      0      0 I   0.0   0.0   0:00.00 kworker+
   1642 root      20   0       0      0      0 S   0.0   0.0   0:00.00 ksgxswa+
   1645 root       0 -20       0      0      0 I   0.0   0.0   0:00.00 kworker+
   1646 root      20   0       0      0      0 I   0.0   0.0   0:00.00 kworker+
   1711 systemd+  20   0   18596   7644   6764 S   0.0   0.0   0:01.81 systemd+
   1749 root       0 -20       0      0      0 I   0.0   0.0   0:00.00 kworker+
   1753 root      20   0       0      0      0 I   0.0   0.0   0:00.00 kworker+
   1786 root      20   0       0      0      0 I   0.0   0.0   0:00.11 kworker+
   1873 root       0 -20       0      0      0 I   0.0   0.0   0:00.00 kworker+
   1882 root       0 -20       0      0      0 I   0.0   0.0   0:00.00 kworker+
   1883 root       0 -20       0      0      0 I   0.0   0.0   0:00.00 kworker+
   1885 root       0 -20       0      0      0 I   0.0   0.0   0:00.00 kworker+
   1886 root      20   0       0      0      0 I   0.0   0.0   0:00.00 kworker+
   1888 root       0 -20       0      0      0 I   0.0   0.0   0:00.00 kworker+
   1889 root       0 -20       0      0      0 I   0.0   0.0   0:00.00 kworker+
   1891 root       0 -20       0      0      0 I   0.0   0.0   0:00.00 kworker+
   1892 root       0 -20       0      0      0 I   0.0   0.0   0:00.00 kworker+
   1893 root       0 -20       0      0      0 I   0.0   0.0   0:00.00 kworker+
   1894 root       0 -20       0      0      0 I   0.0   0.0   0:00.00 kworker+
   1895 root       0 -20       0      0      0 I   0.0   0.0   0:00.00 kworker+
   1896 root       0 -20       0      0      0 I   0.0   0.0   0:00.00 kworker+
   1897 root       0 -20       0      0      0 I   0.0   0.0   0:00.00 kworker+
   1898 root       0 -20       0      0      0 I   0.0   0.0   0:00.00 kworker+
   1899 root       0 -20       0      0      0 I   0.0   0.0   0:00.00 kworker+
   1900 root       0 -20       0      0      0 I   0.0   0.0   0:00.00 kworker+
   1901 root       0 -20       0      0      0 I   0.0   0.0   0:00.00 kworker+
   1902 root       0 -20       0      0      0 I   0.0   0.0   0:00.00 kworker+
   1903 root       0 -20       0      0      0 I   0.0   0.0   0:00.00 kworker+
   1904 root       0 -20       0      0      0 I   0.0   0.0   0:00.00 kworker+
   1905 root       0 -20       0      0      0 I   0.0   0.0   0:00.00 kworker+
   1906 root       0 -20       0      0      0 I   0.0   0.0   0:00.01 kworker+
   1907 root      20   0       0      0      0 I   0.0   0.0   0:00.00 kworker+
   1908 root       0 -20       0      0      0 I   0.0   0.0   0:00.00 kworker+
   1912 root       0 -20       0      0      0 I   0.0   0.0   0:00.00 kworker+
   1916 root       0 -20       0      0      0 I   0.0   0.0   0:00.00 kworker+
   1962 root       0 -20       0      0      0 I   0.0   0.0   0:00.00 kworker+
   1964 root       0 -20       0      0      0 I   0.0   0.0   0:00.00 kworker+
   1980 root       0 -20       0      0      0 I   0.0   0.0   0:00.00 kworker+
   2011 root       0 -20       0      0      0 I   0.0   0.0   0:00.00 kworker+
   2022 root       0 -20       0      0      0 I   0.0   0.0   0:00.00 kworker+
   2031 root      20   0       0      0      0 I   0.0   0.0   0:00.12 kworker+
   2033 root      20   0       0      0      0 I   0.0   0.0   0:00.12 kworker+
   2034 root      20   0       0      0      0 I   0.0   0.0   0:00.06 kworker+
   2035 root       0 -20       0      0      0 I   0.0   0.0   0:00.00 kworker+
   2036 root       0 -20       0      0      0 I   0.0   0.0   0:00.00 kworker+
   2060 root       0 -20       0      0      0 I   0.0   0.0   0:00.00 kworker+
   2063 root       0 -20       0      0      0 I   0.0   0.0   0:00.00 kworker+
   2065 root       0 -20       0      0      0 I   0.0   0.0   0:00.00 kworker+
   2068 root       0 -20       0      0      0 I   0.0   0.0   0:00.00 kworker+
   2075 root       0 -20       0      0      0 I   0.0   0.0   0:00.00 kworker+
   2076 root       0 -20       0      0      0 I   0.0   0.0   0:00.00 kworker+
   2077 root      20   0       0      0      0 I   0.0   0.0   0:00.00 kworker+
   2079 root       0 -20       0      0      0 I   0.0   0.0   0:00.00 kworker+
   2084 root       0 -20       0      0      0 I   0.0   0.0   0:00.00 kworker+
   2087 root      39  19       0      0      0 S   0.0   0.0   0:00.01 kipmi0
   2089 root       0 -20       0      0      0 I   0.0   0.0   0:00.00 kworker+
   2112 root       0 -20       0      0      0 I   0.0   0.0   0:00.00 kworker+
   2125 root       0 -20       0      0      0 I   0.0   0.0   0:00.00 kworker+
   2163 root      20   0       0      0      0 I   0.0   0.0   0:00.00 kworker+
   2164 root       0 -20       0      0      0 I   0.0   0.0   0:00.00 nfit
   2165 root      20   0       0      0      0 I   0.0   0.0   0:00.00 kworker+
   2166 root       0 -20       0      0      0 I   0.0   0.0   0:00.00 kworker+
   2167 root       0 -20       0      0      0 I   0.0   0.0   0:00.00 kworker+
   2168 root       0 -20       0      0      0 I   0.0   0.0   0:00.00 kworker+
   2169 root      20   0       0      0      0 I   0.0   0.0   0:00.00 kworker+
   2173 root       0 -20       0      0      0 I   0.0   0.0   0:00.00 kworker+
   2174 root       0 -20       0      0      0 I   0.0   0.0   0:00.00 kaluad
   2176 root       0 -20       0      0      0 I   0.0   0.0   0:00.00 kmpath_+
   2177 root       0 -20       0      0      0 I   0.0   0.0   0:00.00 kmpathd
   2178 root       0 -20       0      0      0 I   0.0   0.0   0:00.00 kmpath_+
   2179 root      rt   0  280844  18596   8772 S   0.0   0.0   0:03.67 multipa+
   2206 root       0 -20       0      0      0 I   0.0   0.0   0:00.00 kworker+
   2207 root      20   0       0      0      0 I   0.0   0.0   0:00.00 kworker+
   2208 root       0 -20       0      0      0 S   0.0   0.0   0:00.00 loop1
   2211 root       0 -20       0      0      0 S   0.0   0.0   0:00.08 loop2
   2214 root       0 -20       0      0      0 S   0.0   0.0   0:00.00 loop3
   2217 root       0 -20       0      0      0 S   0.0   0.0   0:00.00 loop4
   2220 root       0 -20       0      0      0 S   0.0   0.0   0:00.12 loop5
   2221 root       0 -20       0      0      0 I   0.0   0.0   0:00.00 kworker+
   2224 root       0 -20       0      0      0 S   0.0   0.0   0:00.00 loop6
   2249 root       0 -20       0      0      0 I   0.0   0.0   0:00.01 kworker+
   2251 systemd+  20   0   23512  11956   8132 S   0.0   0.0   0:00.24 systemd+
   2252 root       0 -20       0      0      0 I   0.0   0.0   0:00.00 kworker+
   2254 root      20   0       0      0      0 I   0.0   0.0   0:00.28 kworker+
   2285 message+  20   0    8564   5032   4204 S   0.0   0.0   0:00.37 dbus-da+
   2290 root      20   0   83452   4856   3572 S   0.0   0.0   6:17.14 irqbala+
   2291 root      20   0   30660  19312  10100 S   0.0   0.0   0:00.06 network+
   2292 root      20   0  235860   8996   6996 S   0.0   0.0   0:00.04 polkitd
   2293 root       0 -20       0      0      0 I   0.0   0.0   0:00.00 kworker+
   2295 syslog    20   0  221364   6332   4240 S   0.0   0.0   0:00.07 rsyslogd
   2296 root      20   0 4494500  51972  20172 S   0.0   0.0   0:56.71 snapd
   2297 root      20   0   13680   7152   6312 S   0.0   0.0   0:00.27 systemd+
   2300 root      20   0  392988  12892  10184 S   0.0   0.0   0:44.99 udisksd
   2302 root       0 -20       0      0      0 I   0.0   0.0   0:00.00 kworker+
   2305 root       0 -20       0      0      0 I   0.0   0.0   0:00.00 kworker+
   2307 root      20   0       0      0      0 I   0.0   0.0   0:00.07 kworker+
   2320 root      20   0       0      0      0 I   0.0   0.0   0:00.00 kworker+
   2326 root      20   0  242284  11584   9840 S   0.0   0.0   0:00.05 ModemMa+
   2330 root       0 -20       0      0      0 I   0.0   0.0   0:00.00 kworker+
   2333 root      20   0    6880   2976   2724 S   0.0   0.0   0:00.19 cron
   2345 root      20   0  108000  20996  12628 S   0.0   0.0   0:00.04 unatten+
   2356 root       0 -20       0      0      0 I   0.0   0.0   0:00.00 kworker+
   2361 root       0 -20       0      0      0 I   0.0   0.0   0:00.00 kworker+
   2377 root      20   0    6140   1084    996 S   0.0   0.0   0:00.00 agetty
   2379 _chrony   20   0   18672   3508   2892 S   0.0   0.0   0:00.36 chronyd
   2382 root       0 -20       0      0      0 I   0.0   0.0   0:00.00 kworker+
   2408 _chrony   20   0   10344    528      0 S   0.0   0.0   0:00.00 chronyd
   2430 root      20   0       0      0      0 I   0.0   0.0   0:00.00 kworker+
   2431 root      20   0   13132   7520   6600 S   0.0   0.0   0:00.00 sshd
   2445 aesmd     20   0  196768  11664  10200 S   0.0   0.0   0:00.00 aesm_se+
   2454 root      20   0       0      0      0 I   0.0   0.0   0:00.22 kworker+
   2473 root       0 -20       0      0      0 I   0.0   0.0   0:00.00 kworker+
   2479 root       0 -20       0      0      0 I   0.0   0.0   0:00.00 kworker+
   2572 root       0 -20       0      0      0 I   0.0   0.0   0:00.06 kworker+
   2575 root      20   0       0      0      0 I   0.0   0.0   0:00.00 kworker+
   2693 root      20   0       0      0      0 I   0.0   0.0   0:00.05 kworker+
   2694 root      20   0       0      0      0 I   0.0   0.0   0:00.08 kworker+
   2695 root      20   0       0      0      0 I   0.0   0.0   0:00.03 kworker+
   2725 root       0 -20       0      0      0 I   0.0   0.0   0:00.00 kworker+
   2734 root      20   0       0      0      0 I   0.0   0.0   0:00.09 kworker+
   2735 root      20   0       0      0      0 I   0.0   0.0   0:00.00 kworker+
   2737 root      20   0       0      0      0 I   0.0   0.0   0:00.59 kworker+
   2773 root      20   0       0      0      0 I   0.0   0.0   0:00.02 kworker+
   2774 root      20   0       0      0      0 I   0.0   0.0   0:00.04 kworker+
   2816 root       0 -20       0      0      0 I   0.0   0.0   0:00.00 kworker+
   2819 root       0 -20       0      0      0 I   0.0   0.0   0:00.00 kworker+
   2829 root       0 -20       0      0      0 I   0.0   0.0   0:00.00 kworker+
   2945 root       0 -20       0      0      0 I   0.0   0.0   0:00.00 kworker+
   4500 root       0 -20       0      0      0 I   0.0   0.0   0:00.00 kworker+
   4501 root       0 -20       0      0      0 I   0.0   0.0   0:00.00 kworker+
   4502 root       0 -20       0      0      0 I   0.0   0.0   0:00.00 kworker+
   4503 root       0 -20       0      0      0 I   0.0   0.0   0:00.00 kworker+
   4504 root       0 -20       0      0      0 I   0.0   0.0   0:00.00 kworker+
   4507 root       0 -20       0      0      0 I   0.0   0.0   0:00.00 kworker+
   4508 root       0 -20       0      0      0 I   0.0   0.0   0:00.00 kworker+
   4659 root       0 -20       0      0      0 I   0.0   0.0   0:00.00 kworker+
   4740 root      20   0       0      0      0 I   0.0   0.0   0:00.00 kworker+
   5559 root      20   0       0      0      0 I   0.0   0.0   0:00.25 kworker+
   7125 root       0 -20       0      0      0 I   0.0   0.0   0:00.00 kworker+
   7922 root      20   0       0      0      0 I   0.0   0.0   0:00.05 kworker+
   7923 root      20   0       0      0      0 I   0.0   0.0   0:00.07 kworker+
   7929 root      20   0       0      0      0 I   0.0   0.0   0:00.00 kworker+
   7930 root      20   0       0      0      0 I   0.0   0.0   0:00.35 kworker+
   7931 root      20   0       0      0      0 I   0.0   0.0   0:00.00 kworker+
  11449 root      20   0       0      0      0 I   0.0   0.0   0:00.03 kworker+
  14678 root      20   0       0      0      0 I   0.0   0.0   0:04.72 kworker+
  17746 root      20   0       0      0      0 I   0.0   0.0   0:04.69 kworker+
  17750 root      20   0       0      0      0 I   0.0   0.0   0:00.01 kworker+
  17873 root      20   0       0      0      0 I   0.0   0.0   0:00.03 kworker+
  18314 root      20   0  292308  20524  17772 S   0.0   0.0   0:00.45 package+
  18541 root      20   0       0      0      0 I   0.0   0.0   0:00.02 kworker+
  21446 root      20   0       0      0      0 I   0.0   0.0   0:00.00 kworker+
  21457 root      20   0       0      0      0 I   0.0   0.0   0:00.02 kworker+
  23027 root      20   0       0      0      0 I   0.0   0.0   0:00.07 kworker+
  23028 root      20   0       0      0      0 I   0.0   0.0   0:00.05 kworker+
  23037 root      20   0       0      0      0 I   0.0   0.0   0:00.00 kworker+
  23052 root      20   0       0      0      0 I   0.0   0.0   0:00.63 kworker+
  23053 root      20   0       0      0      0 I   0.0   0.0   0:00.39 kworker+
  23059 root      20   0       0      0      0 I   0.0   0.0   0:00.00 kworker+
  23081 root      20   0       0      0      0 I   0.0   0.0   0:00.00 kworker+
  23512 root      20   0       0      0      0 I   0.0   0.0   0:00.00 kworker+
  24188 root      20   0       0      0      0 I   0.0   0.0   0:00.00 kworker+
  24194 root      20   0       0      0      0 I   0.0   0.0   0:00.21 kworker+
  24716 root      20   0       0      0      0 I   0.0   0.0   0:00.00 kworker+
  25680 root       0 -20       0      0      0 S   0.0   0.0   0:00.00 loop7
  25693 root      20   0       0      0      0 I   0.0   0.0   0:00.03 kworker+
  25700 root      20   0       0      0      0 I   0.0   0.0   0:00.03 kworker+
  25746 root      20   0       0      0      0 I   0.0   0.0   0:00.00 kworker+
  25863 root      20   0       0      0      0 I   0.0   0.0   0:00.00 kworker+
  26402 root      20   0       0      0      0 I   0.0   0.0   0:00.28 kworker+
  26403 root      20   0       0      0      0 I   0.0   0.0   0:00.03 kworker+
  26409 root      20   0       0      0      0 I   0.0   0.0   0:00.00 kworker+
  30712 root      20   0       0      0      0 I   0.0   0.0   0:00.03 kworker+
  30714 root      20   0       0      0      0 I   0.0   0.0   0:00.01 kworker+
  30717 root      20   0       0      0      0 I   0.0   0.0   0:00.15 kworker+
  30718 root      20   0       0      0      0 I   0.0   0.0   0:00.00 kworker+
  36227 root      20   0       0      0      0 I   0.0   0.0   0:00.00 kworker+
  38144 root      20   0       0      0      0 I   0.0   0.0   0:00.03 kworker+
  38145 root      20   0       0      0      0 I   0.0   0.0   0:00.00 kworker+
  38148 root      20   0       0      0      0 I   0.0   0.0   0:00.03 kworker+
  38153 root      20   0       0      0      0 I   0.0   0.0   0:00.00 kworker+
  40116 root      20   0       0      0      0 I   0.0   0.0   0:00.00 kworker+
  40278 root      20   0       0      0      0 I   0.0   0.0   0:00.02 kworker+
  40531 root      20   0       0      0      0 I   0.0   0.0   0:00.03 kworker+
  40532 root      20   0       0      0      0 I   0.0   0.0   0:00.01 kworker+
  40534 root      20   0       0      0      0 I   0.0   0.0   0:00.03 kworker+
  40535 root      20   0       0      0      0 I   0.0   0.0   0:00.03 kworker+
  40557 root      20   0   15432   8960   7404 S   0.0   0.0   0:00.08 systemd
  40558 root      20   0  168552   4716      0 S   0.0   0.0   0:00.00 (sd-pam)
  40564 root      20   0       0      0      0 I   0.0   0.0   0:00.01 kworker+
  40832 root      20   0       0      0      0 I   0.0   0.0   0:02.91 kworker+
  40908 root      20   0    7980   4512   3528 S   0.0   0.0   0:00.02 test.sh
  42330 root      20   0       0      0      0 I   0.0   0.0   0:00.01 kworker+
  43557 root      20   0    8104   4096   3752 S   0.0   0.0   0:00.00 dbus-da+
  43862 root      20   0       0      0      0 I   0.0   0.0   0:00.00 kworker+
  44379 root      20   0       0      0      0 I   0.0   0.0   0:00.02 kworker+
  44380 root      20   0       0      0      0 I   0.0   0.0   0:00.00 kworker+
  44386 root      20   0       0      0      0 I   0.0   0.0   0:00.00 kworker+
  48007 root      20   0       0      0      0 I   0.0   0.0   0:00.00 kworker+
  48124 root      20   0       0      0      0 I   0.0   0.0   0:00.00 kworker+
  48125 root      20   0       0      0      0 I   0.0   0.0   0:00.00 kworker+
  51009 root      20   0   14776   9152   7720 S   0.0   0.0   0:00.02 sshd
  51044 root      20   0    8744   5516   3720 S   0.0   0.0   0:00.00 bash
  51202 root      20   0       0      0      0 I   0.0   0.0   0:00.04 kworker+
  51685 root      20   0       0      0      0 I   0.0   0.0   0:00.00 kworker+
  51730 root      20   0       0      0      0 I   0.0   0.0   0:00.00 kworker+
  51736 root      20   0       0      0      0 I   0.0   0.0   0:00.00 kworker+
  51745 root      20   0       0      0      0 I   0.0   0.0   0:00.00 kworker+
  51857 root      20   0       0      0      0 I   0.0   0.0   0:00.00 kworker+
  51941 root      20   0       0      0      0 I   0.0   0.0   0:00.00 kworker+
  51984 root      20   0       0      0      0 I   0.0   0.0   0:00.00 kworker+
  52023 root      20   0       0      0      0 I   0.0   0.0   0:00.00 kworker+
  53045 root      20   0   11376   5000   3364 S   0.0   0.0   0:00.00 top
  53057 root      20   0    5756    936    844 S   0.0   0.0   0:00.00 sleep
