[erthost] loading enclave ...
[erthost] entering enclave ...
[ego] starting application ...
Number of types: 4 starting from: 1000000002  at  2022-08-08 23:16:41.4677821 +0000 UTC m=+0.000000001
End generation at: 1011111112 total entries: 10000000 in  20.243875654s  at  2022-08-08 23:17:01.711657754 +0000 UTC m=+20.243875655
Start testing at: 2022-08-08 23:17:01.711657754 +0000 UTC m=+20.243875655
Round  6 start at: 2022-08-08 23:17:01.711657754 +0000 UTC m=+20.243875655
Round  4 start at: 2022-08-08 23:17:01.711657754 +0000 UTC m=+20.243875655
Round  1 start at: 2022-08-08 23:17:01.711657754 +0000 UTC m=+20.243875655
Round  3 start at: 2022-08-08 23:17:01.711657754 +0000 UTC m=+20.243875655
Round  5 start at: 2022-08-08 23:17:01.711657754 +0000 UTC m=+20.243875655
Round  0 start at: 2022-08-08 23:17:01.711657754 +0000 UTC m=+20.243875655
Round  2 start at: 2022-08-08 23:17:01.711657754 +0000 UTC m=+20.243875655
Round  3 end at: 2022-08-08 23:44:31.887546697 +0000 UTC m=+1670.419764598 time used: 27m30.175888943s
Round  1 end at: 2022-08-08 23:44:32.143545285 +0000 UTC m=+1670.675763186 time used: 27m30.431887531s
Round  5 end at: 2022-08-08 23:44:32.331544248 +0000 UTC m=+1670.863762149 time used: 27m30.619886494s
Round  0 end at: 2022-08-08 23:44:32.435543675 +0000 UTC m=+1670.967761576 time used: 27m30.723885921s
Round  2 end at: 2022-08-08 23:44:32.515543234 +0000 UTC m=+1671.047761135 time used: 27m30.80388548s
Round  4 end at: 2022-08-08 23:44:32.563542969 +0000 UTC m=+1671.095760870 time used: 27m30.851885215s
Round  6 end at: 2022-08-08 23:44:32.631542594 +0000 UTC m=+1671.163760495 time used: 27m30.91988484s
Testing is end at:  2022-08-08 23:44:32.631542594 +0000 UTC m=+1671.163760495 time used: 27m30.91988484s Statistics:  Query:560000000, Got:10032090, in 10000000 entries
