[erthost] loading enclave ...
[erthost] entering enclave ...
[ego] starting application ...
Number of types: 4 starting from: 1000000002  at  2022-08-08 22:46:33.946936395 +0000 UTC m=+0.003999977
End generation at: 1011111112 total entries: 10000000 in  21.8158682s  at  2022-08-08 22:46:55.762804595 +0000 UTC m=+21.819868177
Start testing at: 2022-08-08 22:46:55.762804595 +0000 UTC m=+21.819868177
Round  6 start at: 2022-08-08 22:46:55.762804595 +0000 UTC m=+21.819868177
Round  0 start at: 2022-08-08 22:46:55.762804595 +0000 UTC m=+21.819868177
Round  1 start at: 2022-08-08 22:46:55.762804595 +0000 UTC m=+21.819868177
Round  4 start at: 2022-08-08 22:46:55.762804595 +0000 UTC m=+21.819868177
Round  3 start at: 2022-08-08 22:46:55.762804595 +0000 UTC m=+21.819868177
Round  5 start at: 2022-08-08 22:46:55.762804595 +0000 UTC m=+21.819868177
Round  2 start at: 2022-08-08 22:46:55.762804595 +0000 UTC m=+21.819868177
Round  4 end at: 2022-08-08 23:15:17.228299533 +0000 UTC m=+1723.285363115 time used: 28m21.465494938s
Round  0 end at: 2022-08-08 23:15:25.800246881 +0000 UTC m=+1731.857310463 time used: 28m30.037442286s
Round  6 end at: 2022-08-08 23:15:25.856246537 +0000 UTC m=+1731.913310119 time used: 28m30.093441942s
Round  5 end at: 2022-08-08 23:15:26.252244104 +0000 UTC m=+1732.309307686 time used: 28m30.489439509s
Round  2 end at: 2022-08-08 23:15:26.624241819 +0000 UTC m=+1732.681305401 time used: 28m30.861437224s
Round  3 end at: 2022-08-08 23:15:26.664241574 +0000 UTC m=+1732.721305156 time used: 28m30.901436979s
Round  1 end at: 2022-08-08 23:15:26.776240886 +0000 UTC m=+1732.833304468 time used: 28m31.013436291s
Testing is end at:  2022-08-08 23:15:26.776240886 +0000 UTC m=+1732.833304468 time used: 28m31.013436291s Statistics:  Query:560000000, Got:10018499, in 10000000 entries
