[erthost] loading enclave ...
[erthost] entering enclave ...
[ego] starting application ...
Number of types: 4 starting from: 1000000002  at  2022-08-09 00:12:11.298199334 +0000 UTC m=+0.000000001
End generation at: 1011111112 total entries: 10000000 in  21.899875967s  at  2022-08-09 00:12:33.198075301 +0000 UTC m=+21.899875968
Start testing at: 2022-08-09 00:12:33.198075301 +0000 UTC m=+21.899875968
Round  6 start at: 2022-08-09 00:12:33.198075301 +0000 UTC m=+21.899875968
Round  2 start at: 2022-08-09 00:12:33.198075301 +0000 UTC m=+21.899875968
Round  0 start at: 2022-08-09 00:12:33.198075301 +0000 UTC m=+21.899875968
Round  1 start at: 2022-08-09 00:12:33.198075301 +0000 UTC m=+21.899875968
Round  3 start at: 2022-08-09 00:12:33.198075301 +0000 UTC m=+21.899875968
Round  5 start at: 2022-08-09 00:12:33.198075301 +0000 UTC m=+21.899875968
Round  4 start at: 2022-08-09 00:12:33.198075301 +0000 UTC m=+21.899875968
Round  5 end at: 2022-08-09 00:39:56.132764427 +0000 UTC m=+1664.834565094 time used: 27m22.934689126s
Round  0 end at: 2022-08-09 00:39:57.148758618 +0000 UTC m=+1665.850559285 time used: 27m23.950683317s
Round  3 end at: 2022-08-09 00:39:57.208758276 +0000 UTC m=+1665.910558943 time used: 27m24.010682975s
Round  1 end at: 2022-08-09 00:39:57.320757635 +0000 UTC m=+1666.022558302 time used: 27m24.122682334s
Round  4 end at: 2022-08-09 00:39:57.396757201 +0000 UTC m=+1666.098557868 time used: 27m24.1986819s
Round  2 end at: 2022-08-09 00:39:57.432756994 +0000 UTC m=+1666.134557661 time used: 27m24.234681693s
Round  6 end at: 2022-08-09 00:39:57.572756194 +0000 UTC m=+1666.274556861 time used: 27m24.374680893s
Testing is end at:  2022-08-09 00:39:57.572756194 +0000 UTC m=+1666.274556861 time used: 27m24.374680893s Statistics:  Query:560000000, Got:10033651, in 10000000 entries
