[erthost] loading enclave ...
[erthost] entering enclave ...
[ego] starting application ...
Number of types: 4 starting from: 1000000002  at  2022-08-09 00:41:25.900251145 +0000 UTC m=+0.000000001
End generation at: 1011111112 total entries: 10000000 in  21.823875216s  at  2022-08-09 00:41:47.724126361 +0000 UTC m=+21.823875217
Start testing at: 2022-08-09 00:41:47.724126361 +0000 UTC m=+21.823875217
Round  6 start at: 2022-08-09 00:41:47.724126361 +0000 UTC m=+21.823875217
Round  2 start at: 2022-08-09 00:41:47.724126361 +0000 UTC m=+21.823875217
Round  0 start at: 2022-08-09 00:41:47.724126361 +0000 UTC m=+21.823875217
Round  5 start at: 2022-08-09 00:41:47.724126361 +0000 UTC m=+21.823875217
Round  1 start at: 2022-08-09 00:41:47.724126361 +0000 UTC m=+21.823875217
Round  4 start at: 2022-08-09 00:41:47.724126361 +0000 UTC m=+21.823875217
Round  3 start at: 2022-08-09 00:41:47.724126361 +0000 UTC m=+21.823875217
Round  6 end at: 2022-08-09 01:11:05.846019073 +0000 UTC m=+1779.945767929 time used: 29m18.121892712s
Round  3 end at: 2022-08-09 01:11:05.990018244 +0000 UTC m=+1780.089767100 time used: 29m18.265891883s
Round  4 end at: 2022-08-09 01:11:06.002018175 +0000 UTC m=+1780.101767031 time used: 29m18.277891814s
Round  0 end at: 2022-08-09 01:11:06.0500179 +0000 UTC m=+1780.149766756 time used: 29m18.325891539s
Round  2 end at: 2022-08-09 01:11:06.078017738 +0000 UTC m=+1780.177766594 time used: 29m18.353891377s
Round  1 end at: 2022-08-09 01:11:06.114017532 +0000 UTC m=+1780.213766388 time used: 29m18.389891171s
Round  5 end at: 2022-08-09 01:11:06.138017393 +0000 UTC m=+1780.237766249 time used: 29m18.413891032s
Testing is end at:  2022-08-09 01:11:06.138017393 +0000 UTC m=+1780.237766249 time used: 29m18.413891032s Statistics:  Query:560000000, Got:10013378, in 10000000 entries
