[erthost] loading enclave ...
[erthost] entering enclave ...
[ego] starting application ...
Number of types: 4 starting from: 1000000002  at  2022-08-08 23:45:57.795072982 +0000 UTC m=+0.003999979
End generation at: 1011111112 total entries: 10000000 in  21.739880121s  at  2022-08-08 23:46:19.534953103 +0000 UTC m=+21.743880100
Start testing at: 2022-08-08 23:46:19.534953103 +0000 UTC m=+21.743880100
Round  6 start at: 2022-08-08 23:46:19.534953103 +0000 UTC m=+21.743880100
Round  4 start at: 2022-08-08 23:46:19.534953103 +0000 UTC m=+21.743880100
Round  2 start at: 2022-08-08 23:46:19.534953103 +0000 UTC m=+21.743880100
Round  1 start at: 2022-08-08 23:46:19.534953103 +0000 UTC m=+21.743880100
Round  3 start at: 2022-08-08 23:46:19.534953103 +0000 UTC m=+21.743880100
Round  5 start at: 2022-08-08 23:46:19.534953103 +0000 UTC m=+21.743880100
Round  0 start at: 2022-08-08 23:46:19.534953103 +0000 UTC m=+21.743880100
Round  2 end at: 2022-08-09 00:10:44.746689531 +0000 UTC m=+1486.955616528 time used: 24m25.211736428s
Round  1 end at: 2022-08-09 00:10:44.982688194 +0000 UTC m=+1487.191615191 time used: 24m25.447735091s
Round  3 end at: 2022-08-09 00:10:45.170687129 +0000 UTC m=+1487.379614126 time used: 24m25.635734026s
Round  0 end at: 2022-08-09 00:10:45.190687016 +0000 UTC m=+1487.399614013 time used: 24m25.655733913s
Round  5 end at: 2022-08-09 00:10:45.538685046 +0000 UTC m=+1487.747612043 time used: 24m26.003731943s
Round  4 end at: 2022-08-09 00:10:45.730683958 +0000 UTC m=+1487.939610955 time used: 24m26.195730855s
Round  6 end at: 2022-08-09 00:10:45.866683188 +0000 UTC m=+1488.075610185 time used: 24m26.331730085s
Testing is end at:  2022-08-09 00:10:45.866683188 +0000 UTC m=+1488.075610185 time used: 24m26.331730085s Statistics:  Query:560000000, Got:10029590, in 10000000 entries
