[erthost] loading enclave ...
[erthost] entering enclave ...
[ego] starting application ...
Number of types: 4 starting from: 1000000002  at  2022-08-06 07:05:01.054672395 +0000 UTC m=+0.000000001
End generation at: 1011111112 total entries: 10000000 in  20.759880333s  at  2022-08-06 07:05:21.814552728 +0000 UTC m=+20.759880334
Start testing at: 2022-08-06 07:05:21.814552728 +0000 UTC m=+20.759880334
Round  6 start at: 2022-08-06 07:05:21.814552728 +0000 UTC m=+20.759880334
Round  5 start at: 2022-08-06 07:05:21.814552728 +0000 UTC m=+20.759880334
Round  2 start at: 2022-08-06 07:05:21.814552728 +0000 UTC m=+20.759880334
Round  1 start at: 2022-08-06 07:05:21.814552728 +0000 UTC m=+20.759880334
Round  4 start at: 2022-08-06 07:05:21.814552728 +0000 UTC m=+20.759880334
Round  0 start at: 2022-08-06 07:05:21.814552728 +0000 UTC m=+20.759880334
Round  3 start at: 2022-08-06 07:05:21.814552728 +0000 UTC m=+20.759880334
Round  3 end at: 2022-08-06 07:33:34.772790577 +0000 UTC m=+1713.718118183 time used: 28m12.958237849s
Round  4 end at: 2022-08-06 07:33:35.024789122 +0000 UTC m=+1713.970116728 time used: 28m13.210236394s
Round  0 end at: 2022-08-06 07:33:35.076788822 +0000 UTC m=+1714.022116428 time used: 28m13.262236094s
Round  6 end at: 2022-08-06 07:33:35.208788059 +0000 UTC m=+1714.154115665 time used: 28m13.394235331s
Round  5 end at: 2022-08-06 07:33:35.272787691 +0000 UTC m=+1714.218115297 time used: 28m13.458234963s
Round  1 end at: 2022-08-06 07:33:35.336787321 +0000 UTC m=+1714.282114927 time used: 28m13.522234593s
Round  2 end at: 2022-08-06 07:33:35.344787275 +0000 UTC m=+1714.290114881 time used: 28m13.530234547s
Testing is end at:  2022-08-06 07:33:35.344787275 +0000 UTC m=+1714.290114881 time used: 28m13.530234547s Statistics:  Query:560000000, Got:10015145, in 10000000 entries
