[erthost] loading enclave ...
[erthost] entering enclave ...
[ego] starting application ...
Number of types: 4 starting from: 1000000002  at  2022-08-06 08:33:18.775972866 +0000 UTC m=+0.000000001
End generation at: 1011111112 total entries: 10000000 in  22.055871606s  at  2022-08-06 08:33:40.831844472 +0000 UTC m=+22.055871607
Start testing at: 2022-08-06 08:33:40.831844472 +0000 UTC m=+22.055871607
Round  6 start at: 2022-08-06 08:33:40.831844472 +0000 UTC m=+22.055871607
Round  0 start at: 2022-08-06 08:33:40.831844472 +0000 UTC m=+22.055871607
Round  5 start at: 2022-08-06 08:33:40.831844472 +0000 UTC m=+22.055871607
Round  3 start at: 2022-08-06 08:33:40.831844472 +0000 UTC m=+22.055871607
Round  4 start at: 2022-08-06 08:33:40.831844472 +0000 UTC m=+22.055871607
Round  2 start at: 2022-08-06 08:33:40.831844472 +0000 UTC m=+22.055871607
Round  1 start at: 2022-08-06 08:33:40.831844472 +0000 UTC m=+22.055871607
Round  3 end at: 2022-08-06 09:03:51.921309742 +0000 UTC m=+1833.145336877 time used: 30m11.08946527s
Round  0 end at: 2022-08-06 09:03:52.149308417 +0000 UTC m=+1833.373335552 time used: 30m11.317463945s
Round  2 end at: 2022-08-06 09:03:52.305307511 +0000 UTC m=+1833.529334646 time used: 30m11.473463039s
Round  1 end at: 2022-08-06 09:03:52.673305372 +0000 UTC m=+1833.897332507 time used: 30m11.8414609s
Round  5 end at: 2022-08-06 09:03:52.933303861 +0000 UTC m=+1834.157330996 time used: 30m12.101459389s
Round  6 end at: 2022-08-06 09:03:52.937303839 +0000 UTC m=+1834.161330974 time used: 30m12.105459367s
Round  4 end at: 2022-08-06 09:03:52.953303745 +0000 UTC m=+1834.177330880 time used: 30m12.121459273s
Testing is end at:  2022-08-06 09:03:52.953303745 +0000 UTC m=+1834.177330880 time used: 30m12.121459273s Statistics:  Query:560000000, Got:10027707, in 10000000 entries
