[erthost] loading enclave ...
[erthost] entering enclave ...
[ego] starting application ...
Number of types: 4 starting from: 1000000002  at  2022-08-06 08:02:51.966598286 +0000 UTC m=+0.003999978
End generation at: 1011111112 total entries: 10000000 in  21.679874055s  at  2022-08-06 08:03:13.646472341 +0000 UTC m=+21.683874033
Start testing at: 2022-08-06 08:03:13.646472341 +0000 UTC m=+21.683874033
Round  6 start at: 2022-08-06 08:03:13.646472341 +0000 UTC m=+21.683874033
Round  2 start at: 2022-08-06 08:03:13.646472341 +0000 UTC m=+21.683874033
Round  1 start at: 2022-08-06 08:03:13.646472341 +0000 UTC m=+21.683874033
Round  0 start at: 2022-08-06 08:03:13.646472341 +0000 UTC m=+21.683874033
Round  3 start at: 2022-08-06 08:03:13.646472341 +0000 UTC m=+21.683874033
Round  4 start at: 2022-08-06 08:03:13.646472341 +0000 UTC m=+21.683874033
Round  5 start at: 2022-08-06 08:03:13.646472341 +0000 UTC m=+21.683874033
Round  2 end at: 2022-08-06 08:31:51.916478503 +0000 UTC m=+1739.953880195 time used: 28m38.270006162s
Round  5 end at: 2022-08-06 08:31:52.580474638 +0000 UTC m=+1740.617876330 time used: 28m38.934002297s
Round  4 end at: 2022-08-06 08:31:53.048471914 +0000 UTC m=+1741.085873606 time used: 28m39.401999573s
Round  0 end at: 2022-08-06 08:31:53.048471914 +0000 UTC m=+1741.085873606 time used: 28m39.401999573s
Round  3 end at: 2022-08-06 08:31:53.188471099 +0000 UTC m=+1741.225872791 time used: 28m39.541998758s
Round  1 end at: 2022-08-06 08:31:53.216470936 +0000 UTC m=+1741.253872628 time used: 28m39.569998595s
Round  6 end at: 2022-08-06 08:31:53.232470843 +0000 UTC m=+1741.269872535 time used: 28m39.585998502s
Testing is end at:  2022-08-06 08:31:53.232470843 +0000 UTC m=+1741.269872535 time used: 28m39.585998502s Statistics:  Query:560000000, Got:10033151, in 10000000 entries
