[erthost] loading enclave ...
[erthost] entering enclave ...
[ego] starting application ...
Number of types: 4 starting from: 1000000002  at  2022-08-06 09:05:18.880804376 +0000 UTC m=+0.000000001
End generation at: 1011111112 total entries: 10000000 in  21.807873263s  at  2022-08-06 09:05:40.688677639 +0000 UTC m=+21.807873264
Start testing at: 2022-08-06 09:05:40.688677639 +0000 UTC m=+21.807873264
Round  6 start at: 2022-08-06 09:05:40.688677639 +0000 UTC m=+21.807873264
Round  2 start at: 2022-08-06 09:05:40.688677639 +0000 UTC m=+21.807873264
Round  4 start at: 2022-08-06 09:05:40.688677639 +0000 UTC m=+21.807873264
Round  5 start at: 2022-08-06 09:05:40.688677639 +0000 UTC m=+21.807873264
Round  3 start at: 2022-08-06 09:05:40.688677639 +0000 UTC m=+21.807873264
Round  0 start at: 2022-08-06 09:05:40.688677639 +0000 UTC m=+21.807873264
Round  1 start at: 2022-08-06 09:05:40.688677639 +0000 UTC m=+21.807873264
Round  0 end at: 2022-08-06 09:35:34.17027475 +0000 UTC m=+1815.289470375 time used: 29m53.481597111s
Round  2 end at: 2022-08-06 09:35:34.522272707 +0000 UTC m=+1815.641468332 time used: 29m53.833595068s
Round  1 end at: 2022-08-06 09:35:34.550272544 +0000 UTC m=+1815.669468169 time used: 29m53.861594905s
Round  6 end at: 2022-08-06 09:35:34.682271778 +0000 UTC m=+1815.801467403 time used: 29m53.993594139s
Round  3 end at: 2022-08-06 09:35:34.730271499 +0000 UTC m=+1815.849467124 time used: 29m54.04159386s
Round  4 end at: 2022-08-06 09:35:34.75427136 +0000 UTC m=+1815.873466985 time used: 29m54.065593721s
Round  5 end at: 2022-08-06 09:35:34.762271314 +0000 UTC m=+1815.881466939 time used: 29m54.073593675s
Testing is end at:  2022-08-06 09:35:34.766271291 +0000 UTC m=+1815.885466916 time used: 29m54.077593652s Statistics:  Query:560000000, Got:10031239, in 10000000 entries
