[erthost] loading enclave ...
[erthost] entering enclave ...
[ego] starting application ...
Number of types: 4 starting from: 1000000002  at  2022-08-06 07:34:57.672311955 +0000 UTC m=+0.000000001
End generation at: 1011111112 total entries: 10000000 in  21.295877048s  at  2022-08-06 07:35:18.968189003 +0000 UTC m=+21.295877049
Start testing at: 2022-08-06 07:35:18.968189003 +0000 UTC m=+21.295877049
Round  6 start at: 2022-08-06 07:35:18.968189003 +0000 UTC m=+21.295877049
Round  1 start at: 2022-08-06 07:35:18.968189003 +0000 UTC m=+21.295877049
Round  3 start at: 2022-08-06 07:35:18.968189003 +0000 UTC m=+21.295877049
Round  2 start at: 2022-08-06 07:35:18.968189003 +0000 UTC m=+21.295877049
Round  4 start at: 2022-08-06 07:35:18.968189003 +0000 UTC m=+21.295877049
Round  5 start at: 2022-08-06 07:35:18.968189003 +0000 UTC m=+21.295877049
Round  0 start at: 2022-08-06 07:35:18.968189003 +0000 UTC m=+21.295877049
Round  2 end at: 2022-08-06 08:01:25.707099394 +0000 UTC m=+1588.034787440 time used: 26m6.738910391s
Round  1 end at: 2022-08-06 08:01:25.991097743 +0000 UTC m=+1588.318785789 time used: 26m7.02290874s
Round  3 end at: 2022-08-06 08:01:26.059097349 +0000 UTC m=+1588.386785395 time used: 26m7.090908346s
Round  5 end at: 2022-08-06 08:01:26.083097209 +0000 UTC m=+1588.410785255 time used: 26m7.114908206s
Round  6 end at: 2022-08-06 08:01:26.199096535 +0000 UTC m=+1588.526784581 time used: 26m7.230907532s
Round  0 end at: 2022-08-06 08:01:26.199096535 +0000 UTC m=+1588.526784581 time used: 26m7.230907532s
Round  4 end at: 2022-08-06 08:01:26.299095954 +0000 UTC m=+1588.626784000 time used: 26m7.330906951s
Testing is end at:  2022-08-06 08:01:26.299095954 +0000 UTC m=+1588.626784000 time used: 26m7.330906951s Statistics:  Query:560000000, Got:10032632, in 10000000 entries
