[erthost] loading enclave ...
[erthost] entering enclave ...
[ego] starting application ...
Number of types: 4 starting from: 1000000002  at  2022-08-09 02:40:08.994968326 +0000 UTC m=+0.000000001
End generation at: 1011111112 total entries: 10000000 in  22.099871112s  at  2022-08-09 02:40:31.094839438 +0000 UTC m=+22.099871113
Start testing at: 2022-08-09 02:40:31.094839438 +0000 UTC m=+22.099871113
Round  6 start at: 2022-08-09 02:40:31.094839438 +0000 UTC m=+22.099871113
Round  0 start at: 2022-08-09 02:40:31.094839438 +0000 UTC m=+22.099871113
Round  4 start at: 2022-08-09 02:40:31.094839438 +0000 UTC m=+22.099871113
Round  2 start at: 2022-08-09 02:40:31.094839438 +0000 UTC m=+22.099871113
Round  1 start at: 2022-08-09 02:40:31.094839438 +0000 UTC m=+22.099871113
Round  5 start at: 2022-08-09 02:40:31.094839438 +0000 UTC m=+22.099871113
Round  3 start at: 2022-08-09 02:40:31.094839438 +0000 UTC m=+22.099871113
Round  4 end at: 2022-08-09 03:07:36.517359909 +0000 UTC m=+1647.522391584 time used: 27m5.422520471s
Round  0 end at: 2022-08-09 03:07:36.865357879 +0000 UTC m=+1647.870389554 time used: 27m5.770518441s
Round  1 end at: 2022-08-09 03:07:37.22535578 +0000 UTC m=+1648.230387455 time used: 27m6.130516342s
Round  3 end at: 2022-08-09 03:07:37.589353657 +0000 UTC m=+1648.594385332 time used: 27m6.494514219s
Round  2 end at: 2022-08-09 03:07:37.665353214 +0000 UTC m=+1648.670384889 time used: 27m6.570513776s
Round  5 end at: 2022-08-09 03:07:37.729352841 +0000 UTC m=+1648.734384516 time used: 27m6.634513403s
Round  6 end at: 2022-08-09 03:07:37.797352444 +0000 UTC m=+1648.802384119 time used: 27m6.702513006s
Testing is end at:  2022-08-09 03:07:37.797352444 +0000 UTC m=+1648.802384119 time used: 27m6.702513006s Statistics:  Query:560000000, Got:10024923, in 10000000 entries
