[erthost] loading enclave ...
[erthost] entering enclave ...
[ego] starting application ...
Number of types: 4 starting from: 1000000002  at  2022-08-09 01:14:12.048947032 +0000 UTC m=+0.000000001
End generation at: 1011111112 total entries: 10000000 in  21.84387399s  at  2022-08-09 01:14:33.892821022 +0000 UTC m=+21.843873991
Start testing at: 2022-08-09 01:14:33.892821022 +0000 UTC m=+21.843873991
Round  6 start at: 2022-08-09 01:14:33.892821022 +0000 UTC m=+21.843873991
Round  2 start at: 2022-08-09 01:14:33.896820998 +0000 UTC m=+21.847873967
Round  4 start at: 2022-08-09 01:14:33.896820998 +0000 UTC m=+21.847873967
Round  1 start at: 2022-08-09 01:14:33.896820998 +0000 UTC m=+21.847873967
Round  0 start at: 2022-08-09 01:14:33.896820998 +0000 UTC m=+21.847873967
Round  5 start at: 2022-08-09 01:14:33.896820998 +0000 UTC m=+21.847873967
Round  3 start at: 2022-08-09 01:14:33.896820998 +0000 UTC m=+21.847873967
Round  5 end at: 2022-08-09 01:38:49.464391141 +0000 UTC m=+1477.415444110 time used: 24m15.567570143s
Round  6 end at: 2022-08-09 01:38:49.7643894 +0000 UTC m=+1477.715442369 time used: 24m15.871568378s
Round  0 end at: 2022-08-09 01:38:50.32438615 +0000 UTC m=+1478.275439119 time used: 24m16.427565152s
Round  2 end at: 2022-08-09 01:38:50.380385825 +0000 UTC m=+1478.331438794 time used: 24m16.483564827s
Round  4 end at: 2022-08-09 01:38:50.384385802 +0000 UTC m=+1478.335438771 time used: 24m16.487564804s
Round  3 end at: 2022-08-09 01:38:50.484385221 +0000 UTC m=+1478.435438190 time used: 24m16.587564223s
Round  1 end at: 2022-08-09 01:38:50.528384966 +0000 UTC m=+1478.479437935 time used: 24m16.631563968s
Testing is end at:  2022-08-09 01:38:50.528384966 +0000 UTC m=+1478.479437935 time used: 24m16.635563944s Statistics:  Query:560000000, Got:10033325, in 10000000 entries
