[erthost] loading enclave ...
[erthost] entering enclave ...
[ego] starting application ...
Number of types: 4 starting from: 1000000002  at  2022-08-09 02:11:36.176959109 +0000 UTC m=+0.000000001
End generation at: 1011111112 total entries: 10000000 in  21.72387341s  at  2022-08-09 02:11:57.900832519 +0000 UTC m=+21.723873411
Start testing at: 2022-08-09 02:11:57.900832519 +0000 UTC m=+21.723873411
Round  6 start at: 2022-08-09 02:11:57.900832519 +0000 UTC m=+21.723873411
Round  0 start at: 2022-08-09 02:11:57.900832519 +0000 UTC m=+21.723873411
Round  2 start at: 2022-08-09 02:11:57.900832519 +0000 UTC m=+21.723873411
Round  3 start at: 2022-08-09 02:11:57.900832519 +0000 UTC m=+21.723873411
Round  4 start at: 2022-08-09 02:11:57.900832519 +0000 UTC m=+21.723873411
Round  5 start at: 2022-08-09 02:11:57.900832519 +0000 UTC m=+21.723873411
Round  1 start at: 2022-08-09 02:11:57.900832519 +0000 UTC m=+21.723873411
Round  5 end at: 2022-08-09 02:38:42.575472328 +0000 UTC m=+1626.398513220 time used: 26m44.674639809s
Round  0 end at: 2022-08-09 02:38:43.079469388 +0000 UTC m=+1626.902510280 time used: 26m45.178636869s
Round  1 end at: 2022-08-09 02:38:43.247468409 +0000 UTC m=+1627.070509301 time used: 26m45.34663589s
Round  2 end at: 2022-08-09 02:38:43.347467826 +0000 UTC m=+1627.170508718 time used: 26m45.446635307s
Round  4 end at: 2022-08-09 02:38:43.355467779 +0000 UTC m=+1627.178508671 time used: 26m45.45463526s
Round  3 end at: 2022-08-09 02:38:43.371467685 +0000 UTC m=+1627.194508577 time used: 26m45.470635166s
Round  6 end at: 2022-08-09 02:38:43.455467196 +0000 UTC m=+1627.278508088 time used: 26m45.554634677s
Testing is end at:  2022-08-09 02:38:43.455467196 +0000 UTC m=+1627.278508088 time used: 26m45.554634677s Statistics:  Query:560000000, Got:10032651, in 10000000 entries
