[erthost] loading enclave ...
[erthost] entering enclave ...
[ego] starting application ...
Number of types: 4 starting from: 1000000002  at  2022-08-09 01:40:16.339887282 +0000 UTC m=+0.000000001
End generation at: 1011111112 total entries: 10000000 in  22.211871181s  at  2022-08-09 01:40:38.551758463 +0000 UTC m=+22.211871182
Start testing at: 2022-08-09 01:40:38.551758463 +0000 UTC m=+22.211871182
Round  6 start at: 2022-08-09 01:40:38.551758463 +0000 UTC m=+22.211871182
Round  2 start at: 2022-08-09 01:40:38.551758463 +0000 UTC m=+22.211871182
Round  4 start at: 2022-08-09 01:40:38.551758463 +0000 UTC m=+22.211871182
Round  1 start at: 2022-08-09 01:40:38.551758463 +0000 UTC m=+22.211871182
Round  3 start at: 2022-08-09 01:40:38.551758463 +0000 UTC m=+22.211871182
Round  0 start at: 2022-08-09 01:40:38.551758463 +0000 UTC m=+22.211871182
Round  5 start at: 2022-08-09 01:40:38.551758463 +0000 UTC m=+22.211871182
Round  1 end at: 2022-08-09 02:10:10.473458526 +0000 UTC m=+1794.133571245 time used: 29m31.921700063s
Round  2 end at: 2022-08-09 02:10:10.537458154 +0000 UTC m=+1794.197570873 time used: 29m31.985699691s
Round  3 end at: 2022-08-09 02:10:10.765456824 +0000 UTC m=+1794.425569543 time used: 29m32.213698361s
Round  5 end at: 2022-08-09 02:10:10.785456708 +0000 UTC m=+1794.445569427 time used: 29m32.233698245s
Round  6 end at: 2022-08-09 02:10:10.889456102 +0000 UTC m=+1794.549568821 time used: 29m32.337697639s
Round  4 end at: 2022-08-09 02:10:10.929455869 +0000 UTC m=+1794.589568588 time used: 29m32.377697406s
Round  0 end at: 2022-08-09 02:10:10.997455472 +0000 UTC m=+1794.657568191 time used: 29m32.445697009s
Testing is end at:  2022-08-09 02:10:10.997455472 +0000 UTC m=+1794.657568191 time used: 29m32.445697009s Statistics:  Query:560000000, Got:10017746, in 10000000 entries
