[erthost] loading enclave ...
[erthost] entering enclave ...
[ego] starting application ...
Number of types: 4 starting from: 1000000002  at  2022-08-09 03:08:51.956919943 +0000 UTC m=+0.000000001
End generation at: 1011111112 total entries: 10000000 in  20.559880094s  at  2022-08-09 03:09:12.516800037 +0000 UTC m=+20.559880095
Start testing at: 2022-08-09 03:09:12.516800037 +0000 UTC m=+20.559880095
Round  6 start at: 2022-08-09 03:09:12.516800037 +0000 UTC m=+20.559880095
Round  0 start at: 2022-08-09 03:09:12.520800013 +0000 UTC m=+20.563880071
Round  1 start at: 2022-08-09 03:09:12.520800013 +0000 UTC m=+20.563880071
Round  2 start at: 2022-08-09 03:09:12.520800013 +0000 UTC m=+20.563880071
Round  3 start at: 2022-08-09 03:09:12.520800013 +0000 UTC m=+20.563880071
Round  4 start at: 2022-08-09 03:09:12.520800013 +0000 UTC m=+20.563880071
Round  5 start at: 2022-08-09 03:09:12.520800013 +0000 UTC m=+20.563880071
Round  2 end at: 2022-08-09 03:36:21.90729311 +0000 UTC m=+1649.950373168 time used: 27m9.386493097s
Round  0 end at: 2022-08-09 03:36:22.055292246 +0000 UTC m=+1650.098372304 time used: 27m9.534492233s
Round  3 end at: 2022-08-09 03:36:22.283290915 +0000 UTC m=+1650.326370973 time used: 27m9.762490902s
Round  5 end at: 2022-08-09 03:36:22.499289655 +0000 UTC m=+1650.542369713 time used: 27m9.978489642s
Round  1 end at: 2022-08-09 03:36:22.551289352 +0000 UTC m=+1650.594369410 time used: 27m10.030489339s
Round  4 end at: 2022-08-09 03:36:22.555289328 +0000 UTC m=+1650.598369386 time used: 27m10.034489315s
Round  6 end at: 2022-08-09 03:36:22.567289258 +0000 UTC m=+1650.610369316 time used: 27m10.050489221s
Testing is end at:  2022-08-09 03:36:22.567289258 +0000 UTC m=+1650.610369316 time used: 27m10.050489221s Statistics:  Query:560000000, Got:10019773, in 10000000 entries
